[0.000000] (-) TimerEvent: {}
[0.000329] (ebot_description) JobQueued: {'identifier': 'ebot_description', 'dependencies': OrderedDict()}
[0.000471] (ebot_nav2) JobQueued: {'identifier': 'ebot_nav2', 'dependencies': OrderedDict()}
[0.000506] (eyantra_warehouse) JobQueued: {'identifier': 'eyantra_warehouse', 'dependencies': OrderedDict()}
[0.000516] (linkattacher_msgs) JobQueued: {'identifier': 'linkattacher_msgs', 'dependencies': OrderedDict()}
[0.000525] (pymoveit2) JobQueued: {'identifier': 'pymoveit2', 'dependencies': OrderedDict()}
[0.000547] (realsense_gazebo_plugin) JobQueued: {'identifier': 'realsense_gazebo_plugin', 'dependencies': OrderedDict()}
[0.000570] (ur5_control) JobQueued: {'identifier': 'ur5_control', 'dependencies': OrderedDict()}
[0.000580] (ur_description) JobQueued: {'identifier': 'ur_description', 'dependencies': OrderedDict()}
[0.000603] (ur_moveit_config) JobQueued: {'identifier': 'ur_moveit_config', 'dependencies': OrderedDict([('ur_description', '/home/bhaskar/colcon_ws/src/install/ur_description')])}
[0.000614] (ur_simulation_gazebo) JobQueued: {'identifier': 'ur_simulation_gazebo', 'dependencies': OrderedDict([('ur_description', '/home/bhaskar/colcon_ws/src/install/ur_description'), ('ur_moveit_config', '/home/bhaskar/colcon_ws/src/install/ur_moveit_config')])}
[0.000641] (ur_description) JobStarted: {'identifier': 'ur_description'}
[0.004436] (ebot_description) JobStarted: {'identifier': 'ebot_description'}
[0.007726] (ebot_nav2) JobStarted: {'identifier': 'ebot_nav2'}
[0.010243] (eyantra_warehouse) JobStarted: {'identifier': 'eyantra_warehouse'}
[0.014685] (linkattacher_msgs) JobStarted: {'identifier': 'linkattacher_msgs'}
[0.017806] (pymoveit2) JobStarted: {'identifier': 'pymoveit2'}
[0.020692] (realsense_gazebo_plugin) JobStarted: {'identifier': 'realsense_gazebo_plugin'}
[0.023814] (ur5_control) JobStarted: {'identifier': 'ur5_control'}
[0.030174] (ur_description) JobProgress: {'identifier': 'ur_description', 'progress': 'cmake'}
[0.030307] (ur_description) Command: {'cmd': ['/usr/bin/cmake', '/home/bhaskar/colcon_ws/src/ur_description', '-DCMAKE_INSTALL_PREFIX=/home/bhaskar/colcon_ws/src/install/ur_description'], 'cwd': '/home/bhaskar/colcon_ws/src/build/ur_description', 'env': OrderedDict([('LESSOPEN', '| /usr/bin/lesspipe %s'), ('USER', 'bhaskar'), ('GIT_ASKPASS', '/home/bhaskar/.vscode-server/bin/d78a74bcdfad14d5d3b1b782f87255d802b57511/extensions/git/dist/askpass.sh'), ('SHLVL', '1'), ('LD_LIBRARY_PATH', '/home/bhaskar/new_ws/install/realsense_gazebo_plugin/lib:/home/bhaskar/new_ws/install/linkattacher_msgs/lib:/home/bhaskar/colcon_ws/install/realsense_gazebo_plugin/lib:/home/bhaskar/colcon_ws/install/linkattacher_msgs/lib:/usr/lib/x86_64-linux-gnu/gazebo-11/plugins:/opt/ros/humble/opt/rviz_ogre_vendor/lib:/opt/ros/humble/lib/x86_64-linux-gnu:/opt/ros/humble/lib:/usr/share/gazebo-11/../../lib/x86_64-linux-gnu/gazebo-11/plugins::/usr/share/gazebo-11/../../lib/x86_64-linux-gnu/gazebo-11/plugins:/usr/share/gazebo-11/../../lib/x86_64-linux-gnu/gazebo-11/plugins::/usr/share/gazebo-11/../../lib/x86_64-linux-gnu/gazebo-11/plugins:/usr/share/gazebo-11/../../lib/x86_64-linux-gnu/gazebo-11/plugins:/usr/share/gazebo-11/../../lib/x86_64-linux-gnu/gazebo-11/plugins::/usr/share/gazebo-11/../../lib/x86_64-linux-gnu/gazebo-11/plugins:/usr/share/gazebo-11/../../lib/x86_64-linux-gnu/gazebo-11/plugins:/usr/share/gazebo-11/../../lib/x86_64-linux-gnu/gazebo-11/plugins:/usr/share/gazebo-11/../../lib/x86_64-linux-gnu/gazebo-11/plugins::/usr/share/gazebo-11/../../lib/x86_64-linux-gnu/gazebo-11/plugins:/usr/share/gazebo-11/../../lib/x86_64-linux-gnu/gazebo-11/plugins:/usr/share/gazebo-11/../../lib/x86_64-linux-gnu/gazebo-11/plugins:/usr/share/gazebo-11/../../lib/x86_64-linux-gnu/gazebo-11/plugins:/usr/share/gazebo-11/../../lib/x86_64-linux-gnu/gazebo-11/plugins::/usr/share/gazebo-11/../../lib/x86_64-linux-gnu/gazebo-11/plugins:/usr/share/gazebo-11/../../lib/x86_64-linux-gnu/gazebo-11/plugins:/usr/share/gazebo-11/../../lib/x86_64-linux-gnu/gazebo-11/plugins:/usr/share/gazebo-11/../../lib/x86_64-linux-gnu/gazebo-11/plugins:/usr/share/gazebo-11/../../lib/x86_64-linux-gnu/gazebo-11/plugins:/usr/share/gazebo-11/../../lib/x86_64-linux-gnu/gazebo-11/plugins::/usr/share/gazebo-11/../../lib/x86_64-linux-gnu/gazebo-11/plugins:/usr/share/gazebo-11/../../lib/x86_64-linux-gnu/gazebo-11/plugins:/usr/share/gazebo-11/../../lib/x86_64-linux-gnu/gazebo-11/plugins:/usr/share/gazebo-11/../../lib/x86_64-linux-gnu/gazebo-11/plugins:/usr/share/gazebo-11/../../lib/x86_64-linux-gnu/gazebo-11/plugins:/usr/share/gazebo-11/../../lib/x86_64-linux-gnu/gazebo-11/plugins:/usr/share/gazebo-11/../../lib/x86_64-linux-gnu/gazebo-11/plugins::/usr/share/gazebo-11/../../lib/x86_64-linux-gnu/gazebo-11/plugins:/usr/share/gazebo-11/../../lib/x86_64-linux-gnu/gazebo-11/plugins:/usr/share/gazebo-11/../../lib/x86_64-linux-gnu/gazebo-11/plugins:/usr/share/gazebo-11/../../lib/x86_64-linux-gnu/gazebo-11/plugins:/usr/share/gazebo-11/../../lib/x86_64-linux-gnu/gazebo-11/plugins:/usr/share/gazebo-11/../../lib/x86_64-linux-gnu/gazebo-11/plugins:/usr/share/gazebo-11/../../lib/x86_64-linux-gnu/gazebo-11/plugins:/usr/share/gazebo-11/../../lib/x86_64-linux-gnu/gazebo-11/plugins::/usr/share/gazebo-11/../../lib/x86_64-linux-gnu/gazebo-11/plugins:/usr/share/gazebo-11/../../lib/x86_64-linux-gnu/gazebo-11/plugins:/usr/share/gazebo-11/../../lib/x86_64-linux-gnu/gazebo-11/plugins:/usr/share/gazebo-11/../../lib/x86_64-linux-gnu/gazebo-11/plugins:/usr/share/gazebo-11/../../lib/x86_64-linux-gnu/gazebo-11/plugins:/usr/share/gazebo-11/../../lib/x86_64-linux-gnu/gazebo-11/plugins:/usr/share/gazebo-11/../../lib/x86_64-linux-gnu/gazebo-11/plugins:/usr/share/gazebo-11/../../lib/x86_64-linux-gnu/gazebo-11/plugins:/usr/share/gazebo-11/../../lib/x86_64-linux-gnu/gazebo-11/plugins::/usr/share/gazebo-11/../../lib/x86_64-linux-gnu/gazebo-11/plugins:/usr/share/gazebo-11/../../lib/x86_64-linux-gnu/gazebo-11/plugins:/usr/share/gazebo-11/../../lib/x86_64-linux-gnu/gazebo-11/plugins:/usr/share/gazebo-11/../../lib/x86_64-linux-gnu/gazebo-11/plugins:/usr/share/gazebo-11/../../lib/x86_64-linux-gnu/gazebo-11/plugins:/usr/share/gazebo-11/../../lib/x86_64-linux-gnu/gazebo-11/plugins:/usr/share/gazebo-11/../../lib/x86_64-linux-gnu/gazebo-11/plugins:/usr/share/gazebo-11/../../lib/x86_64-linux-gnu/gazebo-11/plugins:/usr/share/gazebo-11/../../lib/x86_64-linux-gnu/gazebo-11/plugins:/usr/share/gazebo-11/../../lib/x86_64-linux-gnu/gazebo-11/plugins:'), ('HOME', '/home/bhaskar'), ('OLDPWD', '/home/bhaskar/colcon_ws'), ('TERM_PROGRAM_VERSION', '1.94.0'), ('VSCODE_IPC_HOOK_CLI', '/run/user/1000/vscode-ipc-70a67aec-aa5b-4b9d-8424-bcb226a91ae1.sock'), ('GAZEBO_MASTER_URI', 'http://localhost:11345'), ('ROS_PYTHON_VERSION', '3'), ('VSCODE_GIT_ASKPASS_MAIN', '/home/bhaskar/.vscode-server/bin/d78a74bcdfad14d5d3b1b782f87255d802b57511/extensions/git/dist/askpass-main.js'), ('VSCODE_GIT_ASKPASS_NODE', '/home/bhaskar/.vscode-server/bin/d78a74bcdfad14d5d3b1b782f87255d802b57511/node'), ('DBUS_SESSION_BUS_ADDRESS', 'unix:path=/run/user/1000/bus'), ('COLORTERM', 'truecolor'), ('WSL_DISTRO_NAME', 'Ubuntu'), ('_colcon_cd_root', '/opt/ros/humble/'), ('WAYLAND_DISPLAY', 'wayland-0'), ('COLCON_PREFIX_PATH', '/home/bhaskar/new_ws/install:/home/bhaskar/colcon_ws/install:/home/bhaskar/colcon_ws/src/ebot_nav2/install'), ('ROS_DISTRO', 'humble'), ('LOGNAME', 'bhaskar'), ('NAME', 'DESKTOP-B9FK9U8'), ('WSL_INTEROP', '/run/WSL/15780_interop'), ('PULSE_SERVER', 'unix:/mnt/wslg/PulseServer'), ('_', '/usr/bin/colcon'), ('ROS_VERSION', '2'), ('TERM', 'xterm-256color'), ('GAZEBO_MODEL_PATH', '/usr/share/gazebo-11/../../share/gazebo-11/models:/usr/share/gazebo-11/../../share/gazebo-11/models:/usr/share/gazebo-11/../../share/gazebo-11/models:/usr/share/gazebo-11/../../share/gazebo-11/models:/usr/share/gazebo-11/../../share/gazebo-11/models:/usr/share/gazebo-11/../../share/gazebo-11/models:/usr/share/gazebo-11/../../share/gazebo-11/models:/usr/share/gazebo-11/../../share/gazebo-11/models:/usr/share/gazebo-11/../../share/gazebo-11/models:/usr/share/gazebo-11/../../share/gazebo-11/models:'), ('ROS_LOCALHOST_ONLY', '0'), ('OGRE_RESOURCE_PATH', '/usr/lib/x86_64-linux-gnu/OGRE-1.9.0'), ('PATH', '/home/bhaskar/.vscode-server/bin/d78a74bcdfad14d5d3b1b782f87255d802b57511/bin/remote-cli:/home/bhaskar/.local/bin:/opt/ros/humble/bin:/usr/local/sbin:/usr/local/bin:/usr/sbin:/usr/bin:/sbin:/bin:/usr/games:/usr/local/games:/usr/lib/wsl/lib:/mnt/c/Program Files/NVIDIA GPU Computing Toolkit/CUDA/v12.4/bin:/mnt/c/Program Files/NVIDIA GPU Computing Toolkit/CUDA/v12.4/libnvvp:/mnt/c/Windows/system32:/mnt/c/Windows:/mnt/c/Windows/System32/Wbem:/mnt/c/Windows/System32/WindowsPowerShell/v1.0/:/mnt/c/Windows/System32/OpenSSH/:/mnt/c/Program Files (x86)/NVIDIA Corporation/PhysX/Common:/mnt/c/Program Files (x86)/Windows Kits/10/Windows Performance Toolkit/:/mnt/c/Program Files/dotnet/:/mnt/c/Program Files/NVIDIA Corporation/Nsight Compute 2024.1.1/:/mnt/c/Program Files/NVIDIA Corporation/NVIDIA NvDLISR:/mnt/c/Users/Dell/miniconda3/Library/mingw-w64/bin:/mnt/c/Program Files/Git/cmd:/mnt/c/Program Files/Git LFS:/mnt/c/Program Files/Docker/Docker/resources/bin:/mnt/c/Users/Dell/miniconda3:/mnt/c/Users/Dell/miniconda3/Library/mingw-w64/bin:/mnt/c/Users/Dell/miniconda3/Library/usr/bin:/mnt/c/Users/Dell/miniconda3/Library/bin:/mnt/c/Users/Dell/miniconda3/Scripts:/mnt/c/Users/Dell/AppData/Local/Microsoft/WindowsApps:/mnt/c/Users/Dell/AppData/Local/Programs/Microsoft VS Code/bin:/mnt/c/Users/Dell/AppData/Local/Programs/Ollama:/snap/bin'), ('XDG_RUNTIME_DIR', '/run/user/1000/'), ('DISPLAY', ':0'), ('LANG', 'C.UTF-8'), ('LS_COLORS', 'rs=0:di=01;34:ln=01;36:mh=00:pi=40;33:so=01;35:do=01;35:bd=40;33;01:cd=40;33;01:or=40;31;01:mi=00:su=37;41:sg=30;43:ca=30;41:tw=30;42:ow=34;42:st=37;44:ex=01;32:*.tar=01;31:*.tgz=01;31:*.arc=01;31:*.arj=01;31:*.taz=01;31:*.lha=01;31:*.lz4=01;31:*.lzh=01;31:*.lzma=01;31:*.tlz=01;31:*.txz=01;31:*.tzo=01;31:*.t7z=01;31:*.zip=01;31:*.z=01;31:*.dz=01;31:*.gz=01;31:*.lrz=01;31:*.lz=01;31:*.lzo=01;31:*.xz=01;31:*.zst=01;31:*.tzst=01;31:*.bz2=01;31:*.bz=01;31:*.tbz=01;31:*.tbz2=01;31:*.tz=01;31:*.deb=01;31:*.rpm=01;31:*.jar=01;31:*.war=01;31:*.ear=01;31:*.sar=01;31:*.rar=01;31:*.alz=01;31:*.ace=01;31:*.zoo=01;31:*.cpio=01;31:*.7z=01;31:*.rz=01;31:*.cab=01;31:*.wim=01;31:*.swm=01;31:*.dwm=01;31:*.esd=01;31:*.jpg=01;35:*.jpeg=01;35:*.mjpg=01;35:*.mjpeg=01;35:*.gif=01;35:*.bmp=01;35:*.pbm=01;35:*.pgm=01;35:*.ppm=01;35:*.tga=01;35:*.xbm=01;35:*.xpm=01;35:*.tif=01;35:*.tiff=01;35:*.png=01;35:*.svg=01;35:*.svgz=01;35:*.mng=01;35:*.pcx=01;35:*.mov=01;35:*.mpg=01;35:*.mpeg=01;35:*.m2v=01;35:*.mkv=01;35:*.webm=01;35:*.webp=01;35:*.ogm=01;35:*.mp4=01;35:*.m4v=01;35:*.mp4v=01;35:*.vob=01;35:*.qt=01;35:*.nuv=01;35:*.wmv=01;35:*.asf=01;35:*.rm=01;35:*.rmvb=01;35:*.flc=01;35:*.avi=01;35:*.fli=01;35:*.flv=01;35:*.gl=01;35:*.dl=01;35:*.xcf=01;35:*.xwd=01;35:*.yuv=01;35:*.cgm=01;35:*.emf=01;35:*.ogv=01;35:*.ogx=01;35:*.aac=00;36:*.au=00;36:*.flac=00;36:*.m4a=00;36:*.mid=00;36:*.midi=00;36:*.mka=00;36:*.mp3=00;36:*.mpc=00;36:*.ogg=00;36:*.ra=00;36:*.wav=00;36:*.oga=00;36:*.opus=00;36:*.spx=00;36:*.xspf=00;36:'), ('VSCODE_GIT_IPC_HANDLE', '/run/user/1000/vscode-git-8ca4f50bf7.sock'), ('TERM_PROGRAM', 'vscode'), ('AMENT_PREFIX_PATH', '/home/bhaskar/new_ws/install/ur_simulation_gazebo:/home/bhaskar/new_ws/install/ur_moveit_config:/home/bhaskar/new_ws/install/ur_description:/home/bhaskar/new_ws/install/ur5_control:/home/bhaskar/new_ws/install/realsense_gazebo_plugin:/home/bhaskar/new_ws/install/pymoveit2:/home/bhaskar/new_ws/install/linkattacher_msgs:/home/bhaskar/new_ws/install/eyantra_warehouse:/home/bhaskar/new_ws/install/ebot_nav2:/home/bhaskar/new_ws/install/ebot_description:/home/bhaskar/colcon_ws/install/ur_simulation_gazebo:/home/bhaskar/colcon_ws/install/ur_moveit_config:/home/bhaskar/colcon_ws/install/ur_description:/home/bhaskar/colcon_ws/install/ur5_control:/home/bhaskar/colcon_ws/install/realsense_gazebo_plugin:/home/bhaskar/colcon_ws/install/pymoveit2:/home/bhaskar/colcon_ws/install/linkattacher_msgs:/home/bhaskar/colcon_ws/install/eyantra_warehouse:/home/bhaskar/colcon_ws/install/ebot_nav2:/home/bhaskar/colcon_ws/install/ebot_description:/home/bhaskar/colcon_ws/src/ebot_nav2/install/ebot_nav2:/opt/ros/humble'), ('SHELL', '/bin/bash'), ('LESSCLOSE', '/usr/bin/lesspipe %s %s'), ('GAZEBO_RESOURCE_PATH', '/usr/share/gazebo-11/../../share/gazebo-11:/usr/share/gazebo-11/../../share/gazebo-11:/usr/share/gazebo-11/../../share/gazebo-11:/usr/share/gazebo-11/../../share/gazebo-11:/usr/share/gazebo-11/../../share/gazebo-11:/usr/share/gazebo-11/../../share/gazebo-11:/usr/share/gazebo-11/../../share/gazebo-11:/usr/share/gazebo-11/../../share/gazebo-11:/usr/share/gazebo-11/../../share/gazebo-11:/usr/share/gazebo-11/../../share/gazebo-11:'), ('GAZEBO_MODEL_DATABASE_URI', 'http://models.gazebosim.org'), ('VSCODE_GIT_ASKPASS_EXTRA_ARGS', ''), ('PWD', '/home/bhaskar/colcon_ws/src/build/ur_description'), ('GAZEBO_PLUGIN_PATH', '/usr/share/gazebo-11/../../lib/x86_64-linux-gnu/gazebo-11/plugins:/usr/share/gazebo-11/../../lib/x86_64-linux-gnu/gazebo-11/plugins:/usr/share/gazebo-11/../../lib/x86_64-linux-gnu/gazebo-11/plugins:/usr/share/gazebo-11/../../lib/x86_64-linux-gnu/gazebo-11/plugins:/usr/share/gazebo-11/../../lib/x86_64-linux-gnu/gazebo-11/plugins:/usr/share/gazebo-11/../../lib/x86_64-linux-gnu/gazebo-11/plugins:/usr/share/gazebo-11/../../lib/x86_64-linux-gnu/gazebo-11/plugins:/usr/share/gazebo-11/../../lib/x86_64-linux-gnu/gazebo-11/plugins:/usr/share/gazebo-11/../../lib/x86_64-linux-gnu/gazebo-11/plugins:/usr/share/gazebo-11/../../lib/x86_64-linux-gnu/gazebo-11/plugins:'), ('XDG_DATA_DIRS', '/usr/local/share:/usr/share:/var/lib/snapd/desktop'), ('PYTHONPATH', '/home/bhaskar/new_ws/install/ur5_control/lib/python3.10/site-packages:/home/bhaskar/new_ws/install/pymoveit2/local/lib/python3.10/dist-packages:/home/bhaskar/new_ws/install/linkattacher_msgs/local/lib/python3.10/dist-packages:/home/bhaskar/colcon_ws/install/ur5_control/lib/python3.10/site-packages:/home/bhaskar/colcon_ws/install/pymoveit2/local/lib/python3.10/dist-packages:/home/bhaskar/colcon_ws/install/linkattacher_msgs/local/lib/python3.10/dist-packages:/opt/ros/humble/lib/python3.10/site-packages:/opt/ros/humble/local/lib/python3.10/dist-packages'), ('COLCON', '1'), ('WSL2_GUI_APPS_ENABLED', '1'), ('HOSTTYPE', 'x86_64'), ('CMAKE_PREFIX_PATH', '/home/bhaskar/new_ws/install/ur_simulation_gazebo:/home/bhaskar/new_ws/install/ur_moveit_config:/home/bhaskar/new_ws/install/ur_description:/home/bhaskar/new_ws/install/realsense_gazebo_plugin:/home/bhaskar/new_ws/install/pymoveit2:/home/bhaskar/new_ws/install/linkattacher_msgs:/home/bhaskar/new_ws/install/eyantra_warehouse:/home/bhaskar/new_ws/install/ebot_nav2:/home/bhaskar/new_ws/install/ebot_description:/home/bhaskar/colcon_ws/install/ur_simulation_gazebo:/home/bhaskar/colcon_ws/install/ur_moveit_config:/home/bhaskar/colcon_ws/install/ur_description:/home/bhaskar/colcon_ws/install/realsense_gazebo_plugin:/home/bhaskar/colcon_ws/install/pymoveit2:/home/bhaskar/colcon_ws/install/linkattacher_msgs:/home/bhaskar/colcon_ws/install/eyantra_warehouse:/home/bhaskar/colcon_ws/install/ebot_nav2:/home/bhaskar/colcon_ws/install/ebot_description:/home/bhaskar/colcon_ws/src/ebot_nav2/install/ebot_nav2:/home/bhaskar/new_ws/install/ur5_control:/home/bhaskar/colcon_ws/install/ur5_control:/opt/ros/humble'), ('WSLENV', 'VSCODE_WSL_EXT_LOCATION/up')]), 'shell': False}
[0.032311] (ebot_description) JobProgress: {'identifier': 'ebot_description', 'progress': 'cmake'}
[0.032936] (ebot_description) Command: {'cmd': ['/usr/bin/cmake', '/home/bhaskar/colcon_ws/src/ebot_description', '-DCMAKE_INSTALL_PREFIX=/home/bhaskar/colcon_ws/src/install/ebot_description'], 'cwd': '/home/bhaskar/colcon_ws/src/build/ebot_description', 'env': OrderedDict([('LESSOPEN', '| /usr/bin/lesspipe %s'), ('USER', 'bhaskar'), ('GIT_ASKPASS', '/home/bhaskar/.vscode-server/bin/d78a74bcdfad14d5d3b1b782f87255d802b57511/extensions/git/dist/askpass.sh'), ('SHLVL', '1'), ('LD_LIBRARY_PATH', '/home/bhaskar/new_ws/install/realsense_gazebo_plugin/lib:/home/bhaskar/new_ws/install/linkattacher_msgs/lib:/home/bhaskar/colcon_ws/install/realsense_gazebo_plugin/lib:/home/bhaskar/colcon_ws/install/linkattacher_msgs/lib:/usr/lib/x86_64-linux-gnu/gazebo-11/plugins:/opt/ros/humble/opt/rviz_ogre_vendor/lib:/opt/ros/humble/lib/x86_64-linux-gnu:/opt/ros/humble/lib:/usr/share/gazebo-11/../../lib/x86_64-linux-gnu/gazebo-11/plugins::/usr/share/gazebo-11/../../lib/x86_64-linux-gnu/gazebo-11/plugins:/usr/share/gazebo-11/../../lib/x86_64-linux-gnu/gazebo-11/plugins::/usr/share/gazebo-11/../../lib/x86_64-linux-gnu/gazebo-11/plugins:/usr/share/gazebo-11/../../lib/x86_64-linux-gnu/gazebo-11/plugins:/usr/share/gazebo-11/../../lib/x86_64-linux-gnu/gazebo-11/plugins::/usr/share/gazebo-11/../../lib/x86_64-linux-gnu/gazebo-11/plugins:/usr/share/gazebo-11/../../lib/x86_64-linux-gnu/gazebo-11/plugins:/usr/share/gazebo-11/../../lib/x86_64-linux-gnu/gazebo-11/plugins:/usr/share/gazebo-11/../../lib/x86_64-linux-gnu/gazebo-11/plugins::/usr/share/gazebo-11/../../lib/x86_64-linux-gnu/gazebo-11/plugins:/usr/share/gazebo-11/../../lib/x86_64-linux-gnu/gazebo-11/plugins:/usr/share/gazebo-11/../../lib/x86_64-linux-gnu/gazebo-11/plugins:/usr/share/gazebo-11/../../lib/x86_64-linux-gnu/gazebo-11/plugins:/usr/share/gazebo-11/../../lib/x86_64-linux-gnu/gazebo-11/plugins::/usr/share/gazebo-11/../../lib/x86_64-linux-gnu/gazebo-11/plugins:/usr/share/gazebo-11/../../lib/x86_64-linux-gnu/gazebo-11/plugins:/usr/share/gazebo-11/../../lib/x86_64-linux-gnu/gazebo-11/plugins:/usr/share/gazebo-11/../../lib/x86_64-linux-gnu/gazebo-11/plugins:/usr/share/gazebo-11/../../lib/x86_64-linux-gnu/gazebo-11/plugins:/usr/share/gazebo-11/../../lib/x86_64-linux-gnu/gazebo-11/plugins::/usr/share/gazebo-11/../../lib/x86_64-linux-gnu/gazebo-11/plugins:/usr/share/gazebo-11/../../lib/x86_64-linux-gnu/gazebo-11/plugins:/usr/share/gazebo-11/../../lib/x86_64-linux-gnu/gazebo-11/plugins:/usr/share/gazebo-11/../../lib/x86_64-linux-gnu/gazebo-11/plugins:/usr/share/gazebo-11/../../lib/x86_64-linux-gnu/gazebo-11/plugins:/usr/share/gazebo-11/../../lib/x86_64-linux-gnu/gazebo-11/plugins:/usr/share/gazebo-11/../../lib/x86_64-linux-gnu/gazebo-11/plugins::/usr/share/gazebo-11/../../lib/x86_64-linux-gnu/gazebo-11/plugins:/usr/share/gazebo-11/../../lib/x86_64-linux-gnu/gazebo-11/plugins:/usr/share/gazebo-11/../../lib/x86_64-linux-gnu/gazebo-11/plugins:/usr/share/gazebo-11/../../lib/x86_64-linux-gnu/gazebo-11/plugins:/usr/share/gazebo-11/../../lib/x86_64-linux-gnu/gazebo-11/plugins:/usr/share/gazebo-11/../../lib/x86_64-linux-gnu/gazebo-11/plugins:/usr/share/gazebo-11/../../lib/x86_64-linux-gnu/gazebo-11/plugins:/usr/share/gazebo-11/../../lib/x86_64-linux-gnu/gazebo-11/plugins::/usr/share/gazebo-11/../../lib/x86_64-linux-gnu/gazebo-11/plugins:/usr/share/gazebo-11/../../lib/x86_64-linux-gnu/gazebo-11/plugins:/usr/share/gazebo-11/../../lib/x86_64-linux-gnu/gazebo-11/plugins:/usr/share/gazebo-11/../../lib/x86_64-linux-gnu/gazebo-11/plugins:/usr/share/gazebo-11/../../lib/x86_64-linux-gnu/gazebo-11/plugins:/usr/share/gazebo-11/../../lib/x86_64-linux-gnu/gazebo-11/plugins:/usr/share/gazebo-11/../../lib/x86_64-linux-gnu/gazebo-11/plugins:/usr/share/gazebo-11/../../lib/x86_64-linux-gnu/gazebo-11/plugins:/usr/share/gazebo-11/../../lib/x86_64-linux-gnu/gazebo-11/plugins::/usr/share/gazebo-11/../../lib/x86_64-linux-gnu/gazebo-11/plugins:/usr/share/gazebo-11/../../lib/x86_64-linux-gnu/gazebo-11/plugins:/usr/share/gazebo-11/../../lib/x86_64-linux-gnu/gazebo-11/plugins:/usr/share/gazebo-11/../../lib/x86_64-linux-gnu/gazebo-11/plugins:/usr/share/gazebo-11/../../lib/x86_64-linux-gnu/gazebo-11/plugins:/usr/share/gazebo-11/../../lib/x86_64-linux-gnu/gazebo-11/plugins:/usr/share/gazebo-11/../../lib/x86_64-linux-gnu/gazebo-11/plugins:/usr/share/gazebo-11/../../lib/x86_64-linux-gnu/gazebo-11/plugins:/usr/share/gazebo-11/../../lib/x86_64-linux-gnu/gazebo-11/plugins:/usr/share/gazebo-11/../../lib/x86_64-linux-gnu/gazebo-11/plugins:'), ('HOME', '/home/bhaskar'), ('OLDPWD', '/home/bhaskar/colcon_ws'), ('TERM_PROGRAM_VERSION', '1.94.0'), ('VSCODE_IPC_HOOK_CLI', '/run/user/1000/vscode-ipc-70a67aec-aa5b-4b9d-8424-bcb226a91ae1.sock'), ('GAZEBO_MASTER_URI', 'http://localhost:11345'), ('ROS_PYTHON_VERSION', '3'), ('VSCODE_GIT_ASKPASS_MAIN', '/home/bhaskar/.vscode-server/bin/d78a74bcdfad14d5d3b1b782f87255d802b57511/extensions/git/dist/askpass-main.js'), ('VSCODE_GIT_ASKPASS_NODE', '/home/bhaskar/.vscode-server/bin/d78a74bcdfad14d5d3b1b782f87255d802b57511/node'), ('DBUS_SESSION_BUS_ADDRESS', 'unix:path=/run/user/1000/bus'), ('COLORTERM', 'truecolor'), ('WSL_DISTRO_NAME', 'Ubuntu'), ('_colcon_cd_root', '/opt/ros/humble/'), ('WAYLAND_DISPLAY', 'wayland-0'), ('COLCON_PREFIX_PATH', '/home/bhaskar/new_ws/install:/home/bhaskar/colcon_ws/install:/home/bhaskar/colcon_ws/src/ebot_nav2/install'), ('ROS_DISTRO', 'humble'), ('LOGNAME', 'bhaskar'), ('NAME', 'DESKTOP-B9FK9U8'), ('WSL_INTEROP', '/run/WSL/15780_interop'), ('PULSE_SERVER', 'unix:/mnt/wslg/PulseServer'), ('_', '/usr/bin/colcon'), ('ROS_VERSION', '2'), ('TERM', 'xterm-256color'), ('GAZEBO_MODEL_PATH', '/usr/share/gazebo-11/../../share/gazebo-11/models:/usr/share/gazebo-11/../../share/gazebo-11/models:/usr/share/gazebo-11/../../share/gazebo-11/models:/usr/share/gazebo-11/../../share/gazebo-11/models:/usr/share/gazebo-11/../../share/gazebo-11/models:/usr/share/gazebo-11/../../share/gazebo-11/models:/usr/share/gazebo-11/../../share/gazebo-11/models:/usr/share/gazebo-11/../../share/gazebo-11/models:/usr/share/gazebo-11/../../share/gazebo-11/models:/usr/share/gazebo-11/../../share/gazebo-11/models:'), ('ROS_LOCALHOST_ONLY', '0'), ('OGRE_RESOURCE_PATH', '/usr/lib/x86_64-linux-gnu/OGRE-1.9.0'), ('PATH', '/home/bhaskar/.vscode-server/bin/d78a74bcdfad14d5d3b1b782f87255d802b57511/bin/remote-cli:/home/bhaskar/.local/bin:/opt/ros/humble/bin:/usr/local/sbin:/usr/local/bin:/usr/sbin:/usr/bin:/sbin:/bin:/usr/games:/usr/local/games:/usr/lib/wsl/lib:/mnt/c/Program Files/NVIDIA GPU Computing Toolkit/CUDA/v12.4/bin:/mnt/c/Program Files/NVIDIA GPU Computing Toolkit/CUDA/v12.4/libnvvp:/mnt/c/Windows/system32:/mnt/c/Windows:/mnt/c/Windows/System32/Wbem:/mnt/c/Windows/System32/WindowsPowerShell/v1.0/:/mnt/c/Windows/System32/OpenSSH/:/mnt/c/Program Files (x86)/NVIDIA Corporation/PhysX/Common:/mnt/c/Program Files (x86)/Windows Kits/10/Windows Performance Toolkit/:/mnt/c/Program Files/dotnet/:/mnt/c/Program Files/NVIDIA Corporation/Nsight Compute 2024.1.1/:/mnt/c/Program Files/NVIDIA Corporation/NVIDIA NvDLISR:/mnt/c/Users/Dell/miniconda3/Library/mingw-w64/bin:/mnt/c/Program Files/Git/cmd:/mnt/c/Program Files/Git LFS:/mnt/c/Program Files/Docker/Docker/resources/bin:/mnt/c/Users/Dell/miniconda3:/mnt/c/Users/Dell/miniconda3/Library/mingw-w64/bin:/mnt/c/Users/Dell/miniconda3/Library/usr/bin:/mnt/c/Users/Dell/miniconda3/Library/bin:/mnt/c/Users/Dell/miniconda3/Scripts:/mnt/c/Users/Dell/AppData/Local/Microsoft/WindowsApps:/mnt/c/Users/Dell/AppData/Local/Programs/Microsoft VS Code/bin:/mnt/c/Users/Dell/AppData/Local/Programs/Ollama:/snap/bin'), ('XDG_RUNTIME_DIR', '/run/user/1000/'), ('DISPLAY', ':0'), ('LANG', 'C.UTF-8'), ('LS_COLORS', 'rs=0:di=01;34:ln=01;36:mh=00:pi=40;33:so=01;35:do=01;35:bd=40;33;01:cd=40;33;01:or=40;31;01:mi=00:su=37;41:sg=30;43:ca=30;41:tw=30;42:ow=34;42:st=37;44:ex=01;32:*.tar=01;31:*.tgz=01;31:*.arc=01;31:*.arj=01;31:*.taz=01;31:*.lha=01;31:*.lz4=01;31:*.lzh=01;31:*.lzma=01;31:*.tlz=01;31:*.txz=01;31:*.tzo=01;31:*.t7z=01;31:*.zip=01;31:*.z=01;31:*.dz=01;31:*.gz=01;31:*.lrz=01;31:*.lz=01;31:*.lzo=01;31:*.xz=01;31:*.zst=01;31:*.tzst=01;31:*.bz2=01;31:*.bz=01;31:*.tbz=01;31:*.tbz2=01;31:*.tz=01;31:*.deb=01;31:*.rpm=01;31:*.jar=01;31:*.war=01;31:*.ear=01;31:*.sar=01;31:*.rar=01;31:*.alz=01;31:*.ace=01;31:*.zoo=01;31:*.cpio=01;31:*.7z=01;31:*.rz=01;31:*.cab=01;31:*.wim=01;31:*.swm=01;31:*.dwm=01;31:*.esd=01;31:*.jpg=01;35:*.jpeg=01;35:*.mjpg=01;35:*.mjpeg=01;35:*.gif=01;35:*.bmp=01;35:*.pbm=01;35:*.pgm=01;35:*.ppm=01;35:*.tga=01;35:*.xbm=01;35:*.xpm=01;35:*.tif=01;35:*.tiff=01;35:*.png=01;35:*.svg=01;35:*.svgz=01;35:*.mng=01;35:*.pcx=01;35:*.mov=01;35:*.mpg=01;35:*.mpeg=01;35:*.m2v=01;35:*.mkv=01;35:*.webm=01;35:*.webp=01;35:*.ogm=01;35:*.mp4=01;35:*.m4v=01;35:*.mp4v=01;35:*.vob=01;35:*.qt=01;35:*.nuv=01;35:*.wmv=01;35:*.asf=01;35:*.rm=01;35:*.rmvb=01;35:*.flc=01;35:*.avi=01;35:*.fli=01;35:*.flv=01;35:*.gl=01;35:*.dl=01;35:*.xcf=01;35:*.xwd=01;35:*.yuv=01;35:*.cgm=01;35:*.emf=01;35:*.ogv=01;35:*.ogx=01;35:*.aac=00;36:*.au=00;36:*.flac=00;36:*.m4a=00;36:*.mid=00;36:*.midi=00;36:*.mka=00;36:*.mp3=00;36:*.mpc=00;36:*.ogg=00;36:*.ra=00;36:*.wav=00;36:*.oga=00;36:*.opus=00;36:*.spx=00;36:*.xspf=00;36:'), ('VSCODE_GIT_IPC_HANDLE', '/run/user/1000/vscode-git-8ca4f50bf7.sock'), ('TERM_PROGRAM', 'vscode'), ('AMENT_PREFIX_PATH', '/home/bhaskar/new_ws/install/ur_simulation_gazebo:/home/bhaskar/new_ws/install/ur_moveit_config:/home/bhaskar/new_ws/install/ur_description:/home/bhaskar/new_ws/install/ur5_control:/home/bhaskar/new_ws/install/realsense_gazebo_plugin:/home/bhaskar/new_ws/install/pymoveit2:/home/bhaskar/new_ws/install/linkattacher_msgs:/home/bhaskar/new_ws/install/eyantra_warehouse:/home/bhaskar/new_ws/install/ebot_nav2:/home/bhaskar/new_ws/install/ebot_description:/home/bhaskar/colcon_ws/install/ur_simulation_gazebo:/home/bhaskar/colcon_ws/install/ur_moveit_config:/home/bhaskar/colcon_ws/install/ur_description:/home/bhaskar/colcon_ws/install/ur5_control:/home/bhaskar/colcon_ws/install/realsense_gazebo_plugin:/home/bhaskar/colcon_ws/install/pymoveit2:/home/bhaskar/colcon_ws/install/linkattacher_msgs:/home/bhaskar/colcon_ws/install/eyantra_warehouse:/home/bhaskar/colcon_ws/install/ebot_nav2:/home/bhaskar/colcon_ws/install/ebot_description:/home/bhaskar/colcon_ws/src/ebot_nav2/install/ebot_nav2:/opt/ros/humble'), ('SHELL', '/bin/bash'), ('LESSCLOSE', '/usr/bin/lesspipe %s %s'), ('GAZEBO_RESOURCE_PATH', '/usr/share/gazebo-11/../../share/gazebo-11:/usr/share/gazebo-11/../../share/gazebo-11:/usr/share/gazebo-11/../../share/gazebo-11:/usr/share/gazebo-11/../../share/gazebo-11:/usr/share/gazebo-11/../../share/gazebo-11:/usr/share/gazebo-11/../../share/gazebo-11:/usr/share/gazebo-11/../../share/gazebo-11:/usr/share/gazebo-11/../../share/gazebo-11:/usr/share/gazebo-11/../../share/gazebo-11:/usr/share/gazebo-11/../../share/gazebo-11:'), ('GAZEBO_MODEL_DATABASE_URI', 'http://models.gazebosim.org'), ('VSCODE_GIT_ASKPASS_EXTRA_ARGS', ''), ('PWD', '/home/bhaskar/colcon_ws/src/build/ebot_description'), ('GAZEBO_PLUGIN_PATH', '/usr/share/gazebo-11/../../lib/x86_64-linux-gnu/gazebo-11/plugins:/usr/share/gazebo-11/../../lib/x86_64-linux-gnu/gazebo-11/plugins:/usr/share/gazebo-11/../../lib/x86_64-linux-gnu/gazebo-11/plugins:/usr/share/gazebo-11/../../lib/x86_64-linux-gnu/gazebo-11/plugins:/usr/share/gazebo-11/../../lib/x86_64-linux-gnu/gazebo-11/plugins:/usr/share/gazebo-11/../../lib/x86_64-linux-gnu/gazebo-11/plugins:/usr/share/gazebo-11/../../lib/x86_64-linux-gnu/gazebo-11/plugins:/usr/share/gazebo-11/../../lib/x86_64-linux-gnu/gazebo-11/plugins:/usr/share/gazebo-11/../../lib/x86_64-linux-gnu/gazebo-11/plugins:/usr/share/gazebo-11/../../lib/x86_64-linux-gnu/gazebo-11/plugins:'), ('XDG_DATA_DIRS', '/usr/local/share:/usr/share:/var/lib/snapd/desktop'), ('PYTHONPATH', '/home/bhaskar/new_ws/install/ur5_control/lib/python3.10/site-packages:/home/bhaskar/new_ws/install/pymoveit2/local/lib/python3.10/dist-packages:/home/bhaskar/new_ws/install/linkattacher_msgs/local/lib/python3.10/dist-packages:/home/bhaskar/colcon_ws/install/ur5_control/lib/python3.10/site-packages:/home/bhaskar/colcon_ws/install/pymoveit2/local/lib/python3.10/dist-packages:/home/bhaskar/colcon_ws/install/linkattacher_msgs/local/lib/python3.10/dist-packages:/opt/ros/humble/lib/python3.10/site-packages:/opt/ros/humble/local/lib/python3.10/dist-packages'), ('COLCON', '1'), ('WSL2_GUI_APPS_ENABLED', '1'), ('HOSTTYPE', 'x86_64'), ('CMAKE_PREFIX_PATH', '/home/bhaskar/new_ws/install/ur_simulation_gazebo:/home/bhaskar/new_ws/install/ur_moveit_config:/home/bhaskar/new_ws/install/ur_description:/home/bhaskar/new_ws/install/realsense_gazebo_plugin:/home/bhaskar/new_ws/install/pymoveit2:/home/bhaskar/new_ws/install/linkattacher_msgs:/home/bhaskar/new_ws/install/eyantra_warehouse:/home/bhaskar/new_ws/install/ebot_nav2:/home/bhaskar/new_ws/install/ebot_description:/home/bhaskar/colcon_ws/install/ur_simulation_gazebo:/home/bhaskar/colcon_ws/install/ur_moveit_config:/home/bhaskar/colcon_ws/install/ur_description:/home/bhaskar/colcon_ws/install/realsense_gazebo_plugin:/home/bhaskar/colcon_ws/install/pymoveit2:/home/bhaskar/colcon_ws/install/linkattacher_msgs:/home/bhaskar/colcon_ws/install/eyantra_warehouse:/home/bhaskar/colcon_ws/install/ebot_nav2:/home/bhaskar/colcon_ws/install/ebot_description:/home/bhaskar/colcon_ws/src/ebot_nav2/install/ebot_nav2:/home/bhaskar/new_ws/install/ur5_control:/home/bhaskar/colcon_ws/install/ur5_control:/opt/ros/humble'), ('WSLENV', 'VSCODE_WSL_EXT_LOCATION/up')]), 'shell': False}
[0.034193] (ebot_nav2) JobProgress: {'identifier': 'ebot_nav2', 'progress': 'cmake'}
[0.034837] (ebot_nav2) Command: {'cmd': ['/usr/bin/cmake', '/home/bhaskar/colcon_ws/src/ebot_nav2', '-DCMAKE_INSTALL_PREFIX=/home/bhaskar/colcon_ws/src/install/ebot_nav2'], 'cwd': '/home/bhaskar/colcon_ws/src/build/ebot_nav2', 'env': OrderedDict([('LESSOPEN', '| /usr/bin/lesspipe %s'), ('USER', 'bhaskar'), ('GIT_ASKPASS', '/home/bhaskar/.vscode-server/bin/d78a74bcdfad14d5d3b1b782f87255d802b57511/extensions/git/dist/askpass.sh'), ('SHLVL', '1'), ('LD_LIBRARY_PATH', '/home/bhaskar/new_ws/install/realsense_gazebo_plugin/lib:/home/bhaskar/new_ws/install/linkattacher_msgs/lib:/home/bhaskar/colcon_ws/install/realsense_gazebo_plugin/lib:/home/bhaskar/colcon_ws/install/linkattacher_msgs/lib:/usr/lib/x86_64-linux-gnu/gazebo-11/plugins:/opt/ros/humble/opt/rviz_ogre_vendor/lib:/opt/ros/humble/lib/x86_64-linux-gnu:/opt/ros/humble/lib:/usr/share/gazebo-11/../../lib/x86_64-linux-gnu/gazebo-11/plugins::/usr/share/gazebo-11/../../lib/x86_64-linux-gnu/gazebo-11/plugins:/usr/share/gazebo-11/../../lib/x86_64-linux-gnu/gazebo-11/plugins::/usr/share/gazebo-11/../../lib/x86_64-linux-gnu/gazebo-11/plugins:/usr/share/gazebo-11/../../lib/x86_64-linux-gnu/gazebo-11/plugins:/usr/share/gazebo-11/../../lib/x86_64-linux-gnu/gazebo-11/plugins::/usr/share/gazebo-11/../../lib/x86_64-linux-gnu/gazebo-11/plugins:/usr/share/gazebo-11/../../lib/x86_64-linux-gnu/gazebo-11/plugins:/usr/share/gazebo-11/../../lib/x86_64-linux-gnu/gazebo-11/plugins:/usr/share/gazebo-11/../../lib/x86_64-linux-gnu/gazebo-11/plugins::/usr/share/gazebo-11/../../lib/x86_64-linux-gnu/gazebo-11/plugins:/usr/share/gazebo-11/../../lib/x86_64-linux-gnu/gazebo-11/plugins:/usr/share/gazebo-11/../../lib/x86_64-linux-gnu/gazebo-11/plugins:/usr/share/gazebo-11/../../lib/x86_64-linux-gnu/gazebo-11/plugins:/usr/share/gazebo-11/../../lib/x86_64-linux-gnu/gazebo-11/plugins::/usr/share/gazebo-11/../../lib/x86_64-linux-gnu/gazebo-11/plugins:/usr/share/gazebo-11/../../lib/x86_64-linux-gnu/gazebo-11/plugins:/usr/share/gazebo-11/../../lib/x86_64-linux-gnu/gazebo-11/plugins:/usr/share/gazebo-11/../../lib/x86_64-linux-gnu/gazebo-11/plugins:/usr/share/gazebo-11/../../lib/x86_64-linux-gnu/gazebo-11/plugins:/usr/share/gazebo-11/../../lib/x86_64-linux-gnu/gazebo-11/plugins::/usr/share/gazebo-11/../../lib/x86_64-linux-gnu/gazebo-11/plugins:/usr/share/gazebo-11/../../lib/x86_64-linux-gnu/gazebo-11/plugins:/usr/share/gazebo-11/../../lib/x86_64-linux-gnu/gazebo-11/plugins:/usr/share/gazebo-11/../../lib/x86_64-linux-gnu/gazebo-11/plugins:/usr/share/gazebo-11/../../lib/x86_64-linux-gnu/gazebo-11/plugins:/usr/share/gazebo-11/../../lib/x86_64-linux-gnu/gazebo-11/plugins:/usr/share/gazebo-11/../../lib/x86_64-linux-gnu/gazebo-11/plugins::/usr/share/gazebo-11/../../lib/x86_64-linux-gnu/gazebo-11/plugins:/usr/share/gazebo-11/../../lib/x86_64-linux-gnu/gazebo-11/plugins:/usr/share/gazebo-11/../../lib/x86_64-linux-gnu/gazebo-11/plugins:/usr/share/gazebo-11/../../lib/x86_64-linux-gnu/gazebo-11/plugins:/usr/share/gazebo-11/../../lib/x86_64-linux-gnu/gazebo-11/plugins:/usr/share/gazebo-11/../../lib/x86_64-linux-gnu/gazebo-11/plugins:/usr/share/gazebo-11/../../lib/x86_64-linux-gnu/gazebo-11/plugins:/usr/share/gazebo-11/../../lib/x86_64-linux-gnu/gazebo-11/plugins::/usr/share/gazebo-11/../../lib/x86_64-linux-gnu/gazebo-11/plugins:/usr/share/gazebo-11/../../lib/x86_64-linux-gnu/gazebo-11/plugins:/usr/share/gazebo-11/../../lib/x86_64-linux-gnu/gazebo-11/plugins:/usr/share/gazebo-11/../../lib/x86_64-linux-gnu/gazebo-11/plugins:/usr/share/gazebo-11/../../lib/x86_64-linux-gnu/gazebo-11/plugins:/usr/share/gazebo-11/../../lib/x86_64-linux-gnu/gazebo-11/plugins:/usr/share/gazebo-11/../../lib/x86_64-linux-gnu/gazebo-11/plugins:/usr/share/gazebo-11/../../lib/x86_64-linux-gnu/gazebo-11/plugins:/usr/share/gazebo-11/../../lib/x86_64-linux-gnu/gazebo-11/plugins::/usr/share/gazebo-11/../../lib/x86_64-linux-gnu/gazebo-11/plugins:/usr/share/gazebo-11/../../lib/x86_64-linux-gnu/gazebo-11/plugins:/usr/share/gazebo-11/../../lib/x86_64-linux-gnu/gazebo-11/plugins:/usr/share/gazebo-11/../../lib/x86_64-linux-gnu/gazebo-11/plugins:/usr/share/gazebo-11/../../lib/x86_64-linux-gnu/gazebo-11/plugins:/usr/share/gazebo-11/../../lib/x86_64-linux-gnu/gazebo-11/plugins:/usr/share/gazebo-11/../../lib/x86_64-linux-gnu/gazebo-11/plugins:/usr/share/gazebo-11/../../lib/x86_64-linux-gnu/gazebo-11/plugins:/usr/share/gazebo-11/../../lib/x86_64-linux-gnu/gazebo-11/plugins:/usr/share/gazebo-11/../../lib/x86_64-linux-gnu/gazebo-11/plugins:'), ('HOME', '/home/bhaskar'), ('OLDPWD', '/home/bhaskar/colcon_ws'), ('TERM_PROGRAM_VERSION', '1.94.0'), ('VSCODE_IPC_HOOK_CLI', '/run/user/1000/vscode-ipc-70a67aec-aa5b-4b9d-8424-bcb226a91ae1.sock'), ('GAZEBO_MASTER_URI', 'http://localhost:11345'), ('ROS_PYTHON_VERSION', '3'), ('VSCODE_GIT_ASKPASS_MAIN', '/home/bhaskar/.vscode-server/bin/d78a74bcdfad14d5d3b1b782f87255d802b57511/extensions/git/dist/askpass-main.js'), ('VSCODE_GIT_ASKPASS_NODE', '/home/bhaskar/.vscode-server/bin/d78a74bcdfad14d5d3b1b782f87255d802b57511/node'), ('DBUS_SESSION_BUS_ADDRESS', 'unix:path=/run/user/1000/bus'), ('COLORTERM', 'truecolor'), ('WSL_DISTRO_NAME', 'Ubuntu'), ('_colcon_cd_root', '/opt/ros/humble/'), ('WAYLAND_DISPLAY', 'wayland-0'), ('COLCON_PREFIX_PATH', '/home/bhaskar/new_ws/install:/home/bhaskar/colcon_ws/install:/home/bhaskar/colcon_ws/src/ebot_nav2/install'), ('ROS_DISTRO', 'humble'), ('LOGNAME', 'bhaskar'), ('NAME', 'DESKTOP-B9FK9U8'), ('WSL_INTEROP', '/run/WSL/15780_interop'), ('PULSE_SERVER', 'unix:/mnt/wslg/PulseServer'), ('_', '/usr/bin/colcon'), ('ROS_VERSION', '2'), ('TERM', 'xterm-256color'), ('GAZEBO_MODEL_PATH', '/usr/share/gazebo-11/../../share/gazebo-11/models:/usr/share/gazebo-11/../../share/gazebo-11/models:/usr/share/gazebo-11/../../share/gazebo-11/models:/usr/share/gazebo-11/../../share/gazebo-11/models:/usr/share/gazebo-11/../../share/gazebo-11/models:/usr/share/gazebo-11/../../share/gazebo-11/models:/usr/share/gazebo-11/../../share/gazebo-11/models:/usr/share/gazebo-11/../../share/gazebo-11/models:/usr/share/gazebo-11/../../share/gazebo-11/models:/usr/share/gazebo-11/../../share/gazebo-11/models:'), ('ROS_LOCALHOST_ONLY', '0'), ('OGRE_RESOURCE_PATH', '/usr/lib/x86_64-linux-gnu/OGRE-1.9.0'), ('PATH', '/home/bhaskar/.vscode-server/bin/d78a74bcdfad14d5d3b1b782f87255d802b57511/bin/remote-cli:/home/bhaskar/.local/bin:/opt/ros/humble/bin:/usr/local/sbin:/usr/local/bin:/usr/sbin:/usr/bin:/sbin:/bin:/usr/games:/usr/local/games:/usr/lib/wsl/lib:/mnt/c/Program Files/NVIDIA GPU Computing Toolkit/CUDA/v12.4/bin:/mnt/c/Program Files/NVIDIA GPU Computing Toolkit/CUDA/v12.4/libnvvp:/mnt/c/Windows/system32:/mnt/c/Windows:/mnt/c/Windows/System32/Wbem:/mnt/c/Windows/System32/WindowsPowerShell/v1.0/:/mnt/c/Windows/System32/OpenSSH/:/mnt/c/Program Files (x86)/NVIDIA Corporation/PhysX/Common:/mnt/c/Program Files (x86)/Windows Kits/10/Windows Performance Toolkit/:/mnt/c/Program Files/dotnet/:/mnt/c/Program Files/NVIDIA Corporation/Nsight Compute 2024.1.1/:/mnt/c/Program Files/NVIDIA Corporation/NVIDIA NvDLISR:/mnt/c/Users/Dell/miniconda3/Library/mingw-w64/bin:/mnt/c/Program Files/Git/cmd:/mnt/c/Program Files/Git LFS:/mnt/c/Program Files/Docker/Docker/resources/bin:/mnt/c/Users/Dell/miniconda3:/mnt/c/Users/Dell/miniconda3/Library/mingw-w64/bin:/mnt/c/Users/Dell/miniconda3/Library/usr/bin:/mnt/c/Users/Dell/miniconda3/Library/bin:/mnt/c/Users/Dell/miniconda3/Scripts:/mnt/c/Users/Dell/AppData/Local/Microsoft/WindowsApps:/mnt/c/Users/Dell/AppData/Local/Programs/Microsoft VS Code/bin:/mnt/c/Users/Dell/AppData/Local/Programs/Ollama:/snap/bin'), ('XDG_RUNTIME_DIR', '/run/user/1000/'), ('DISPLAY', ':0'), ('LANG', 'C.UTF-8'), ('LS_COLORS', 'rs=0:di=01;34:ln=01;36:mh=00:pi=40;33:so=01;35:do=01;35:bd=40;33;01:cd=40;33;01:or=40;31;01:mi=00:su=37;41:sg=30;43:ca=30;41:tw=30;42:ow=34;42:st=37;44:ex=01;32:*.tar=01;31:*.tgz=01;31:*.arc=01;31:*.arj=01;31:*.taz=01;31:*.lha=01;31:*.lz4=01;31:*.lzh=01;31:*.lzma=01;31:*.tlz=01;31:*.txz=01;31:*.tzo=01;31:*.t7z=01;31:*.zip=01;31:*.z=01;31:*.dz=01;31:*.gz=01;31:*.lrz=01;31:*.lz=01;31:*.lzo=01;31:*.xz=01;31:*.zst=01;31:*.tzst=01;31:*.bz2=01;31:*.bz=01;31:*.tbz=01;31:*.tbz2=01;31:*.tz=01;31:*.deb=01;31:*.rpm=01;31:*.jar=01;31:*.war=01;31:*.ear=01;31:*.sar=01;31:*.rar=01;31:*.alz=01;31:*.ace=01;31:*.zoo=01;31:*.cpio=01;31:*.7z=01;31:*.rz=01;31:*.cab=01;31:*.wim=01;31:*.swm=01;31:*.dwm=01;31:*.esd=01;31:*.jpg=01;35:*.jpeg=01;35:*.mjpg=01;35:*.mjpeg=01;35:*.gif=01;35:*.bmp=01;35:*.pbm=01;35:*.pgm=01;35:*.ppm=01;35:*.tga=01;35:*.xbm=01;35:*.xpm=01;35:*.tif=01;35:*.tiff=01;35:*.png=01;35:*.svg=01;35:*.svgz=01;35:*.mng=01;35:*.pcx=01;35:*.mov=01;35:*.mpg=01;35:*.mpeg=01;35:*.m2v=01;35:*.mkv=01;35:*.webm=01;35:*.webp=01;35:*.ogm=01;35:*.mp4=01;35:*.m4v=01;35:*.mp4v=01;35:*.vob=01;35:*.qt=01;35:*.nuv=01;35:*.wmv=01;35:*.asf=01;35:*.rm=01;35:*.rmvb=01;35:*.flc=01;35:*.avi=01;35:*.fli=01;35:*.flv=01;35:*.gl=01;35:*.dl=01;35:*.xcf=01;35:*.xwd=01;35:*.yuv=01;35:*.cgm=01;35:*.emf=01;35:*.ogv=01;35:*.ogx=01;35:*.aac=00;36:*.au=00;36:*.flac=00;36:*.m4a=00;36:*.mid=00;36:*.midi=00;36:*.mka=00;36:*.mp3=00;36:*.mpc=00;36:*.ogg=00;36:*.ra=00;36:*.wav=00;36:*.oga=00;36:*.opus=00;36:*.spx=00;36:*.xspf=00;36:'), ('VSCODE_GIT_IPC_HANDLE', '/run/user/1000/vscode-git-8ca4f50bf7.sock'), ('TERM_PROGRAM', 'vscode'), ('AMENT_PREFIX_PATH', '/home/bhaskar/new_ws/install/ur_simulation_gazebo:/home/bhaskar/new_ws/install/ur_moveit_config:/home/bhaskar/new_ws/install/ur_description:/home/bhaskar/new_ws/install/ur5_control:/home/bhaskar/new_ws/install/realsense_gazebo_plugin:/home/bhaskar/new_ws/install/pymoveit2:/home/bhaskar/new_ws/install/linkattacher_msgs:/home/bhaskar/new_ws/install/eyantra_warehouse:/home/bhaskar/new_ws/install/ebot_nav2:/home/bhaskar/new_ws/install/ebot_description:/home/bhaskar/colcon_ws/install/ur_simulation_gazebo:/home/bhaskar/colcon_ws/install/ur_moveit_config:/home/bhaskar/colcon_ws/install/ur_description:/home/bhaskar/colcon_ws/install/ur5_control:/home/bhaskar/colcon_ws/install/realsense_gazebo_plugin:/home/bhaskar/colcon_ws/install/pymoveit2:/home/bhaskar/colcon_ws/install/linkattacher_msgs:/home/bhaskar/colcon_ws/install/eyantra_warehouse:/home/bhaskar/colcon_ws/install/ebot_nav2:/home/bhaskar/colcon_ws/install/ebot_description:/home/bhaskar/colcon_ws/src/ebot_nav2/install/ebot_nav2:/opt/ros/humble'), ('SHELL', '/bin/bash'), ('LESSCLOSE', '/usr/bin/lesspipe %s %s'), ('GAZEBO_RESOURCE_PATH', '/usr/share/gazebo-11/../../share/gazebo-11:/usr/share/gazebo-11/../../share/gazebo-11:/usr/share/gazebo-11/../../share/gazebo-11:/usr/share/gazebo-11/../../share/gazebo-11:/usr/share/gazebo-11/../../share/gazebo-11:/usr/share/gazebo-11/../../share/gazebo-11:/usr/share/gazebo-11/../../share/gazebo-11:/usr/share/gazebo-11/../../share/gazebo-11:/usr/share/gazebo-11/../../share/gazebo-11:/usr/share/gazebo-11/../../share/gazebo-11:'), ('GAZEBO_MODEL_DATABASE_URI', 'http://models.gazebosim.org'), ('VSCODE_GIT_ASKPASS_EXTRA_ARGS', ''), ('PWD', '/home/bhaskar/colcon_ws/src/build/ebot_nav2'), ('GAZEBO_PLUGIN_PATH', '/usr/share/gazebo-11/../../lib/x86_64-linux-gnu/gazebo-11/plugins:/usr/share/gazebo-11/../../lib/x86_64-linux-gnu/gazebo-11/plugins:/usr/share/gazebo-11/../../lib/x86_64-linux-gnu/gazebo-11/plugins:/usr/share/gazebo-11/../../lib/x86_64-linux-gnu/gazebo-11/plugins:/usr/share/gazebo-11/../../lib/x86_64-linux-gnu/gazebo-11/plugins:/usr/share/gazebo-11/../../lib/x86_64-linux-gnu/gazebo-11/plugins:/usr/share/gazebo-11/../../lib/x86_64-linux-gnu/gazebo-11/plugins:/usr/share/gazebo-11/../../lib/x86_64-linux-gnu/gazebo-11/plugins:/usr/share/gazebo-11/../../lib/x86_64-linux-gnu/gazebo-11/plugins:/usr/share/gazebo-11/../../lib/x86_64-linux-gnu/gazebo-11/plugins:'), ('XDG_DATA_DIRS', '/usr/local/share:/usr/share:/var/lib/snapd/desktop'), ('PYTHONPATH', '/home/bhaskar/new_ws/install/ur5_control/lib/python3.10/site-packages:/home/bhaskar/new_ws/install/pymoveit2/local/lib/python3.10/dist-packages:/home/bhaskar/new_ws/install/linkattacher_msgs/local/lib/python3.10/dist-packages:/home/bhaskar/colcon_ws/install/ur5_control/lib/python3.10/site-packages:/home/bhaskar/colcon_ws/install/pymoveit2/local/lib/python3.10/dist-packages:/home/bhaskar/colcon_ws/install/linkattacher_msgs/local/lib/python3.10/dist-packages:/opt/ros/humble/lib/python3.10/site-packages:/opt/ros/humble/local/lib/python3.10/dist-packages'), ('COLCON', '1'), ('WSL2_GUI_APPS_ENABLED', '1'), ('HOSTTYPE', 'x86_64'), ('CMAKE_PREFIX_PATH', '/home/bhaskar/new_ws/install/ur_simulation_gazebo:/home/bhaskar/new_ws/install/ur_moveit_config:/home/bhaskar/new_ws/install/ur_description:/home/bhaskar/new_ws/install/realsense_gazebo_plugin:/home/bhaskar/new_ws/install/pymoveit2:/home/bhaskar/new_ws/install/linkattacher_msgs:/home/bhaskar/new_ws/install/eyantra_warehouse:/home/bhaskar/new_ws/install/ebot_nav2:/home/bhaskar/new_ws/install/ebot_description:/home/bhaskar/colcon_ws/install/ur_simulation_gazebo:/home/bhaskar/colcon_ws/install/ur_moveit_config:/home/bhaskar/colcon_ws/install/ur_description:/home/bhaskar/colcon_ws/install/realsense_gazebo_plugin:/home/bhaskar/colcon_ws/install/pymoveit2:/home/bhaskar/colcon_ws/install/linkattacher_msgs:/home/bhaskar/colcon_ws/install/eyantra_warehouse:/home/bhaskar/colcon_ws/install/ebot_nav2:/home/bhaskar/colcon_ws/install/ebot_description:/home/bhaskar/colcon_ws/src/ebot_nav2/install/ebot_nav2:/home/bhaskar/new_ws/install/ur5_control:/home/bhaskar/colcon_ws/install/ur5_control:/opt/ros/humble'), ('WSLENV', 'VSCODE_WSL_EXT_LOCATION/up')]), 'shell': False}
[0.035852] (eyantra_warehouse) JobProgress: {'identifier': 'eyantra_warehouse', 'progress': 'cmake'}
[0.036051] (eyantra_warehouse) Command: {'cmd': ['/usr/bin/cmake', '/home/bhaskar/colcon_ws/src/eyantra_warehouse', '-DCMAKE_INSTALL_PREFIX=/home/bhaskar/colcon_ws/src/install/eyantra_warehouse'], 'cwd': '/home/bhaskar/colcon_ws/src/build/eyantra_warehouse', 'env': OrderedDict([('LESSOPEN', '| /usr/bin/lesspipe %s'), ('USER', 'bhaskar'), ('GIT_ASKPASS', '/home/bhaskar/.vscode-server/bin/d78a74bcdfad14d5d3b1b782f87255d802b57511/extensions/git/dist/askpass.sh'), ('SHLVL', '1'), ('LD_LIBRARY_PATH', '/home/bhaskar/new_ws/install/realsense_gazebo_plugin/lib:/home/bhaskar/new_ws/install/linkattacher_msgs/lib:/home/bhaskar/colcon_ws/install/realsense_gazebo_plugin/lib:/home/bhaskar/colcon_ws/install/linkattacher_msgs/lib:/usr/lib/x86_64-linux-gnu/gazebo-11/plugins:/opt/ros/humble/opt/rviz_ogre_vendor/lib:/opt/ros/humble/lib/x86_64-linux-gnu:/opt/ros/humble/lib:/usr/share/gazebo-11/../../lib/x86_64-linux-gnu/gazebo-11/plugins::/usr/share/gazebo-11/../../lib/x86_64-linux-gnu/gazebo-11/plugins:/usr/share/gazebo-11/../../lib/x86_64-linux-gnu/gazebo-11/plugins::/usr/share/gazebo-11/../../lib/x86_64-linux-gnu/gazebo-11/plugins:/usr/share/gazebo-11/../../lib/x86_64-linux-gnu/gazebo-11/plugins:/usr/share/gazebo-11/../../lib/x86_64-linux-gnu/gazebo-11/plugins::/usr/share/gazebo-11/../../lib/x86_64-linux-gnu/gazebo-11/plugins:/usr/share/gazebo-11/../../lib/x86_64-linux-gnu/gazebo-11/plugins:/usr/share/gazebo-11/../../lib/x86_64-linux-gnu/gazebo-11/plugins:/usr/share/gazebo-11/../../lib/x86_64-linux-gnu/gazebo-11/plugins::/usr/share/gazebo-11/../../lib/x86_64-linux-gnu/gazebo-11/plugins:/usr/share/gazebo-11/../../lib/x86_64-linux-gnu/gazebo-11/plugins:/usr/share/gazebo-11/../../lib/x86_64-linux-gnu/gazebo-11/plugins:/usr/share/gazebo-11/../../lib/x86_64-linux-gnu/gazebo-11/plugins:/usr/share/gazebo-11/../../lib/x86_64-linux-gnu/gazebo-11/plugins::/usr/share/gazebo-11/../../lib/x86_64-linux-gnu/gazebo-11/plugins:/usr/share/gazebo-11/../../lib/x86_64-linux-gnu/gazebo-11/plugins:/usr/share/gazebo-11/../../lib/x86_64-linux-gnu/gazebo-11/plugins:/usr/share/gazebo-11/../../lib/x86_64-linux-gnu/gazebo-11/plugins:/usr/share/gazebo-11/../../lib/x86_64-linux-gnu/gazebo-11/plugins:/usr/share/gazebo-11/../../lib/x86_64-linux-gnu/gazebo-11/plugins::/usr/share/gazebo-11/../../lib/x86_64-linux-gnu/gazebo-11/plugins:/usr/share/gazebo-11/../../lib/x86_64-linux-gnu/gazebo-11/plugins:/usr/share/gazebo-11/../../lib/x86_64-linux-gnu/gazebo-11/plugins:/usr/share/gazebo-11/../../lib/x86_64-linux-gnu/gazebo-11/plugins:/usr/share/gazebo-11/../../lib/x86_64-linux-gnu/gazebo-11/plugins:/usr/share/gazebo-11/../../lib/x86_64-linux-gnu/gazebo-11/plugins:/usr/share/gazebo-11/../../lib/x86_64-linux-gnu/gazebo-11/plugins::/usr/share/gazebo-11/../../lib/x86_64-linux-gnu/gazebo-11/plugins:/usr/share/gazebo-11/../../lib/x86_64-linux-gnu/gazebo-11/plugins:/usr/share/gazebo-11/../../lib/x86_64-linux-gnu/gazebo-11/plugins:/usr/share/gazebo-11/../../lib/x86_64-linux-gnu/gazebo-11/plugins:/usr/share/gazebo-11/../../lib/x86_64-linux-gnu/gazebo-11/plugins:/usr/share/gazebo-11/../../lib/x86_64-linux-gnu/gazebo-11/plugins:/usr/share/gazebo-11/../../lib/x86_64-linux-gnu/gazebo-11/plugins:/usr/share/gazebo-11/../../lib/x86_64-linux-gnu/gazebo-11/plugins::/usr/share/gazebo-11/../../lib/x86_64-linux-gnu/gazebo-11/plugins:/usr/share/gazebo-11/../../lib/x86_64-linux-gnu/gazebo-11/plugins:/usr/share/gazebo-11/../../lib/x86_64-linux-gnu/gazebo-11/plugins:/usr/share/gazebo-11/../../lib/x86_64-linux-gnu/gazebo-11/plugins:/usr/share/gazebo-11/../../lib/x86_64-linux-gnu/gazebo-11/plugins:/usr/share/gazebo-11/../../lib/x86_64-linux-gnu/gazebo-11/plugins:/usr/share/gazebo-11/../../lib/x86_64-linux-gnu/gazebo-11/plugins:/usr/share/gazebo-11/../../lib/x86_64-linux-gnu/gazebo-11/plugins:/usr/share/gazebo-11/../../lib/x86_64-linux-gnu/gazebo-11/plugins::/usr/share/gazebo-11/../../lib/x86_64-linux-gnu/gazebo-11/plugins:/usr/share/gazebo-11/../../lib/x86_64-linux-gnu/gazebo-11/plugins:/usr/share/gazebo-11/../../lib/x86_64-linux-gnu/gazebo-11/plugins:/usr/share/gazebo-11/../../lib/x86_64-linux-gnu/gazebo-11/plugins:/usr/share/gazebo-11/../../lib/x86_64-linux-gnu/gazebo-11/plugins:/usr/share/gazebo-11/../../lib/x86_64-linux-gnu/gazebo-11/plugins:/usr/share/gazebo-11/../../lib/x86_64-linux-gnu/gazebo-11/plugins:/usr/share/gazebo-11/../../lib/x86_64-linux-gnu/gazebo-11/plugins:/usr/share/gazebo-11/../../lib/x86_64-linux-gnu/gazebo-11/plugins:/usr/share/gazebo-11/../../lib/x86_64-linux-gnu/gazebo-11/plugins:'), ('HOME', '/home/bhaskar'), ('OLDPWD', '/home/bhaskar/colcon_ws'), ('TERM_PROGRAM_VERSION', '1.94.0'), ('VSCODE_IPC_HOOK_CLI', '/run/user/1000/vscode-ipc-70a67aec-aa5b-4b9d-8424-bcb226a91ae1.sock'), ('GAZEBO_MASTER_URI', 'http://localhost:11345'), ('ROS_PYTHON_VERSION', '3'), ('VSCODE_GIT_ASKPASS_MAIN', '/home/bhaskar/.vscode-server/bin/d78a74bcdfad14d5d3b1b782f87255d802b57511/extensions/git/dist/askpass-main.js'), ('VSCODE_GIT_ASKPASS_NODE', '/home/bhaskar/.vscode-server/bin/d78a74bcdfad14d5d3b1b782f87255d802b57511/node'), ('DBUS_SESSION_BUS_ADDRESS', 'unix:path=/run/user/1000/bus'), ('COLORTERM', 'truecolor'), ('WSL_DISTRO_NAME', 'Ubuntu'), ('_colcon_cd_root', '/opt/ros/humble/'), ('WAYLAND_DISPLAY', 'wayland-0'), ('COLCON_PREFIX_PATH', '/home/bhaskar/new_ws/install:/home/bhaskar/colcon_ws/install:/home/bhaskar/colcon_ws/src/ebot_nav2/install'), ('ROS_DISTRO', 'humble'), ('LOGNAME', 'bhaskar'), ('NAME', 'DESKTOP-B9FK9U8'), ('WSL_INTEROP', '/run/WSL/15780_interop'), ('PULSE_SERVER', 'unix:/mnt/wslg/PulseServer'), ('_', '/usr/bin/colcon'), ('ROS_VERSION', '2'), ('TERM', 'xterm-256color'), ('GAZEBO_MODEL_PATH', '/usr/share/gazebo-11/../../share/gazebo-11/models:/usr/share/gazebo-11/../../share/gazebo-11/models:/usr/share/gazebo-11/../../share/gazebo-11/models:/usr/share/gazebo-11/../../share/gazebo-11/models:/usr/share/gazebo-11/../../share/gazebo-11/models:/usr/share/gazebo-11/../../share/gazebo-11/models:/usr/share/gazebo-11/../../share/gazebo-11/models:/usr/share/gazebo-11/../../share/gazebo-11/models:/usr/share/gazebo-11/../../share/gazebo-11/models:/usr/share/gazebo-11/../../share/gazebo-11/models:'), ('ROS_LOCALHOST_ONLY', '0'), ('OGRE_RESOURCE_PATH', '/usr/lib/x86_64-linux-gnu/OGRE-1.9.0'), ('PATH', '/home/bhaskar/.vscode-server/bin/d78a74bcdfad14d5d3b1b782f87255d802b57511/bin/remote-cli:/home/bhaskar/.local/bin:/opt/ros/humble/bin:/usr/local/sbin:/usr/local/bin:/usr/sbin:/usr/bin:/sbin:/bin:/usr/games:/usr/local/games:/usr/lib/wsl/lib:/mnt/c/Program Files/NVIDIA GPU Computing Toolkit/CUDA/v12.4/bin:/mnt/c/Program Files/NVIDIA GPU Computing Toolkit/CUDA/v12.4/libnvvp:/mnt/c/Windows/system32:/mnt/c/Windows:/mnt/c/Windows/System32/Wbem:/mnt/c/Windows/System32/WindowsPowerShell/v1.0/:/mnt/c/Windows/System32/OpenSSH/:/mnt/c/Program Files (x86)/NVIDIA Corporation/PhysX/Common:/mnt/c/Program Files (x86)/Windows Kits/10/Windows Performance Toolkit/:/mnt/c/Program Files/dotnet/:/mnt/c/Program Files/NVIDIA Corporation/Nsight Compute 2024.1.1/:/mnt/c/Program Files/NVIDIA Corporation/NVIDIA NvDLISR:/mnt/c/Users/Dell/miniconda3/Library/mingw-w64/bin:/mnt/c/Program Files/Git/cmd:/mnt/c/Program Files/Git LFS:/mnt/c/Program Files/Docker/Docker/resources/bin:/mnt/c/Users/Dell/miniconda3:/mnt/c/Users/Dell/miniconda3/Library/mingw-w64/bin:/mnt/c/Users/Dell/miniconda3/Library/usr/bin:/mnt/c/Users/Dell/miniconda3/Library/bin:/mnt/c/Users/Dell/miniconda3/Scripts:/mnt/c/Users/Dell/AppData/Local/Microsoft/WindowsApps:/mnt/c/Users/Dell/AppData/Local/Programs/Microsoft VS Code/bin:/mnt/c/Users/Dell/AppData/Local/Programs/Ollama:/snap/bin'), ('XDG_RUNTIME_DIR', '/run/user/1000/'), ('DISPLAY', ':0'), ('LANG', 'C.UTF-8'), ('LS_COLORS', 'rs=0:di=01;34:ln=01;36:mh=00:pi=40;33:so=01;35:do=01;35:bd=40;33;01:cd=40;33;01:or=40;31;01:mi=00:su=37;41:sg=30;43:ca=30;41:tw=30;42:ow=34;42:st=37;44:ex=01;32:*.tar=01;31:*.tgz=01;31:*.arc=01;31:*.arj=01;31:*.taz=01;31:*.lha=01;31:*.lz4=01;31:*.lzh=01;31:*.lzma=01;31:*.tlz=01;31:*.txz=01;31:*.tzo=01;31:*.t7z=01;31:*.zip=01;31:*.z=01;31:*.dz=01;31:*.gz=01;31:*.lrz=01;31:*.lz=01;31:*.lzo=01;31:*.xz=01;31:*.zst=01;31:*.tzst=01;31:*.bz2=01;31:*.bz=01;31:*.tbz=01;31:*.tbz2=01;31:*.tz=01;31:*.deb=01;31:*.rpm=01;31:*.jar=01;31:*.war=01;31:*.ear=01;31:*.sar=01;31:*.rar=01;31:*.alz=01;31:*.ace=01;31:*.zoo=01;31:*.cpio=01;31:*.7z=01;31:*.rz=01;31:*.cab=01;31:*.wim=01;31:*.swm=01;31:*.dwm=01;31:*.esd=01;31:*.jpg=01;35:*.jpeg=01;35:*.mjpg=01;35:*.mjpeg=01;35:*.gif=01;35:*.bmp=01;35:*.pbm=01;35:*.pgm=01;35:*.ppm=01;35:*.tga=01;35:*.xbm=01;35:*.xpm=01;35:*.tif=01;35:*.tiff=01;35:*.png=01;35:*.svg=01;35:*.svgz=01;35:*.mng=01;35:*.pcx=01;35:*.mov=01;35:*.mpg=01;35:*.mpeg=01;35:*.m2v=01;35:*.mkv=01;35:*.webm=01;35:*.webp=01;35:*.ogm=01;35:*.mp4=01;35:*.m4v=01;35:*.mp4v=01;35:*.vob=01;35:*.qt=01;35:*.nuv=01;35:*.wmv=01;35:*.asf=01;35:*.rm=01;35:*.rmvb=01;35:*.flc=01;35:*.avi=01;35:*.fli=01;35:*.flv=01;35:*.gl=01;35:*.dl=01;35:*.xcf=01;35:*.xwd=01;35:*.yuv=01;35:*.cgm=01;35:*.emf=01;35:*.ogv=01;35:*.ogx=01;35:*.aac=00;36:*.au=00;36:*.flac=00;36:*.m4a=00;36:*.mid=00;36:*.midi=00;36:*.mka=00;36:*.mp3=00;36:*.mpc=00;36:*.ogg=00;36:*.ra=00;36:*.wav=00;36:*.oga=00;36:*.opus=00;36:*.spx=00;36:*.xspf=00;36:'), ('VSCODE_GIT_IPC_HANDLE', '/run/user/1000/vscode-git-8ca4f50bf7.sock'), ('TERM_PROGRAM', 'vscode'), ('AMENT_PREFIX_PATH', '/home/bhaskar/new_ws/install/ur_simulation_gazebo:/home/bhaskar/new_ws/install/ur_moveit_config:/home/bhaskar/new_ws/install/ur_description:/home/bhaskar/new_ws/install/ur5_control:/home/bhaskar/new_ws/install/realsense_gazebo_plugin:/home/bhaskar/new_ws/install/pymoveit2:/home/bhaskar/new_ws/install/linkattacher_msgs:/home/bhaskar/new_ws/install/eyantra_warehouse:/home/bhaskar/new_ws/install/ebot_nav2:/home/bhaskar/new_ws/install/ebot_description:/home/bhaskar/colcon_ws/install/ur_simulation_gazebo:/home/bhaskar/colcon_ws/install/ur_moveit_config:/home/bhaskar/colcon_ws/install/ur_description:/home/bhaskar/colcon_ws/install/ur5_control:/home/bhaskar/colcon_ws/install/realsense_gazebo_plugin:/home/bhaskar/colcon_ws/install/pymoveit2:/home/bhaskar/colcon_ws/install/linkattacher_msgs:/home/bhaskar/colcon_ws/install/eyantra_warehouse:/home/bhaskar/colcon_ws/install/ebot_nav2:/home/bhaskar/colcon_ws/install/ebot_description:/home/bhaskar/colcon_ws/src/ebot_nav2/install/ebot_nav2:/opt/ros/humble'), ('SHELL', '/bin/bash'), ('LESSCLOSE', '/usr/bin/lesspipe %s %s'), ('GAZEBO_RESOURCE_PATH', '/usr/share/gazebo-11/../../share/gazebo-11:/usr/share/gazebo-11/../../share/gazebo-11:/usr/share/gazebo-11/../../share/gazebo-11:/usr/share/gazebo-11/../../share/gazebo-11:/usr/share/gazebo-11/../../share/gazebo-11:/usr/share/gazebo-11/../../share/gazebo-11:/usr/share/gazebo-11/../../share/gazebo-11:/usr/share/gazebo-11/../../share/gazebo-11:/usr/share/gazebo-11/../../share/gazebo-11:/usr/share/gazebo-11/../../share/gazebo-11:'), ('GAZEBO_MODEL_DATABASE_URI', 'http://models.gazebosim.org'), ('VSCODE_GIT_ASKPASS_EXTRA_ARGS', ''), ('PWD', '/home/bhaskar/colcon_ws/src/build/eyantra_warehouse'), ('GAZEBO_PLUGIN_PATH', '/usr/share/gazebo-11/../../lib/x86_64-linux-gnu/gazebo-11/plugins:/usr/share/gazebo-11/../../lib/x86_64-linux-gnu/gazebo-11/plugins:/usr/share/gazebo-11/../../lib/x86_64-linux-gnu/gazebo-11/plugins:/usr/share/gazebo-11/../../lib/x86_64-linux-gnu/gazebo-11/plugins:/usr/share/gazebo-11/../../lib/x86_64-linux-gnu/gazebo-11/plugins:/usr/share/gazebo-11/../../lib/x86_64-linux-gnu/gazebo-11/plugins:/usr/share/gazebo-11/../../lib/x86_64-linux-gnu/gazebo-11/plugins:/usr/share/gazebo-11/../../lib/x86_64-linux-gnu/gazebo-11/plugins:/usr/share/gazebo-11/../../lib/x86_64-linux-gnu/gazebo-11/plugins:/usr/share/gazebo-11/../../lib/x86_64-linux-gnu/gazebo-11/plugins:'), ('XDG_DATA_DIRS', '/usr/local/share:/usr/share:/var/lib/snapd/desktop'), ('PYTHONPATH', '/home/bhaskar/new_ws/install/ur5_control/lib/python3.10/site-packages:/home/bhaskar/new_ws/install/pymoveit2/local/lib/python3.10/dist-packages:/home/bhaskar/new_ws/install/linkattacher_msgs/local/lib/python3.10/dist-packages:/home/bhaskar/colcon_ws/install/ur5_control/lib/python3.10/site-packages:/home/bhaskar/colcon_ws/install/pymoveit2/local/lib/python3.10/dist-packages:/home/bhaskar/colcon_ws/install/linkattacher_msgs/local/lib/python3.10/dist-packages:/opt/ros/humble/lib/python3.10/site-packages:/opt/ros/humble/local/lib/python3.10/dist-packages'), ('COLCON', '1'), ('WSL2_GUI_APPS_ENABLED', '1'), ('HOSTTYPE', 'x86_64'), ('CMAKE_PREFIX_PATH', '/home/bhaskar/new_ws/install/ur_simulation_gazebo:/home/bhaskar/new_ws/install/ur_moveit_config:/home/bhaskar/new_ws/install/ur_description:/home/bhaskar/new_ws/install/realsense_gazebo_plugin:/home/bhaskar/new_ws/install/pymoveit2:/home/bhaskar/new_ws/install/linkattacher_msgs:/home/bhaskar/new_ws/install/eyantra_warehouse:/home/bhaskar/new_ws/install/ebot_nav2:/home/bhaskar/new_ws/install/ebot_description:/home/bhaskar/colcon_ws/install/ur_simulation_gazebo:/home/bhaskar/colcon_ws/install/ur_moveit_config:/home/bhaskar/colcon_ws/install/ur_description:/home/bhaskar/colcon_ws/install/realsense_gazebo_plugin:/home/bhaskar/colcon_ws/install/pymoveit2:/home/bhaskar/colcon_ws/install/linkattacher_msgs:/home/bhaskar/colcon_ws/install/eyantra_warehouse:/home/bhaskar/colcon_ws/install/ebot_nav2:/home/bhaskar/colcon_ws/install/ebot_description:/home/bhaskar/colcon_ws/src/ebot_nav2/install/ebot_nav2:/home/bhaskar/new_ws/install/ur5_control:/home/bhaskar/colcon_ws/install/ur5_control:/opt/ros/humble'), ('WSLENV', 'VSCODE_WSL_EXT_LOCATION/up')]), 'shell': False}
[0.037528] (linkattacher_msgs) JobProgress: {'identifier': 'linkattacher_msgs', 'progress': 'cmake'}
[0.038182] (linkattacher_msgs) Command: {'cmd': ['/usr/bin/cmake', '/home/bhaskar/colcon_ws/src/linkattacher_msgs', '-DCMAKE_INSTALL_PREFIX=/home/bhaskar/colcon_ws/src/install/linkattacher_msgs'], 'cwd': '/home/bhaskar/colcon_ws/src/build/linkattacher_msgs', 'env': OrderedDict([('LESSOPEN', '| /usr/bin/lesspipe %s'), ('USER', 'bhaskar'), ('GIT_ASKPASS', '/home/bhaskar/.vscode-server/bin/d78a74bcdfad14d5d3b1b782f87255d802b57511/extensions/git/dist/askpass.sh'), ('SHLVL', '1'), ('LD_LIBRARY_PATH', '/home/bhaskar/new_ws/install/realsense_gazebo_plugin/lib:/home/bhaskar/new_ws/install/linkattacher_msgs/lib:/home/bhaskar/colcon_ws/install/realsense_gazebo_plugin/lib:/home/bhaskar/colcon_ws/install/linkattacher_msgs/lib:/usr/lib/x86_64-linux-gnu/gazebo-11/plugins:/opt/ros/humble/opt/rviz_ogre_vendor/lib:/opt/ros/humble/lib/x86_64-linux-gnu:/opt/ros/humble/lib:/usr/share/gazebo-11/../../lib/x86_64-linux-gnu/gazebo-11/plugins::/usr/share/gazebo-11/../../lib/x86_64-linux-gnu/gazebo-11/plugins:/usr/share/gazebo-11/../../lib/x86_64-linux-gnu/gazebo-11/plugins::/usr/share/gazebo-11/../../lib/x86_64-linux-gnu/gazebo-11/plugins:/usr/share/gazebo-11/../../lib/x86_64-linux-gnu/gazebo-11/plugins:/usr/share/gazebo-11/../../lib/x86_64-linux-gnu/gazebo-11/plugins::/usr/share/gazebo-11/../../lib/x86_64-linux-gnu/gazebo-11/plugins:/usr/share/gazebo-11/../../lib/x86_64-linux-gnu/gazebo-11/plugins:/usr/share/gazebo-11/../../lib/x86_64-linux-gnu/gazebo-11/plugins:/usr/share/gazebo-11/../../lib/x86_64-linux-gnu/gazebo-11/plugins::/usr/share/gazebo-11/../../lib/x86_64-linux-gnu/gazebo-11/plugins:/usr/share/gazebo-11/../../lib/x86_64-linux-gnu/gazebo-11/plugins:/usr/share/gazebo-11/../../lib/x86_64-linux-gnu/gazebo-11/plugins:/usr/share/gazebo-11/../../lib/x86_64-linux-gnu/gazebo-11/plugins:/usr/share/gazebo-11/../../lib/x86_64-linux-gnu/gazebo-11/plugins::/usr/share/gazebo-11/../../lib/x86_64-linux-gnu/gazebo-11/plugins:/usr/share/gazebo-11/../../lib/x86_64-linux-gnu/gazebo-11/plugins:/usr/share/gazebo-11/../../lib/x86_64-linux-gnu/gazebo-11/plugins:/usr/share/gazebo-11/../../lib/x86_64-linux-gnu/gazebo-11/plugins:/usr/share/gazebo-11/../../lib/x86_64-linux-gnu/gazebo-11/plugins:/usr/share/gazebo-11/../../lib/x86_64-linux-gnu/gazebo-11/plugins::/usr/share/gazebo-11/../../lib/x86_64-linux-gnu/gazebo-11/plugins:/usr/share/gazebo-11/../../lib/x86_64-linux-gnu/gazebo-11/plugins:/usr/share/gazebo-11/../../lib/x86_64-linux-gnu/gazebo-11/plugins:/usr/share/gazebo-11/../../lib/x86_64-linux-gnu/gazebo-11/plugins:/usr/share/gazebo-11/../../lib/x86_64-linux-gnu/gazebo-11/plugins:/usr/share/gazebo-11/../../lib/x86_64-linux-gnu/gazebo-11/plugins:/usr/share/gazebo-11/../../lib/x86_64-linux-gnu/gazebo-11/plugins::/usr/share/gazebo-11/../../lib/x86_64-linux-gnu/gazebo-11/plugins:/usr/share/gazebo-11/../../lib/x86_64-linux-gnu/gazebo-11/plugins:/usr/share/gazebo-11/../../lib/x86_64-linux-gnu/gazebo-11/plugins:/usr/share/gazebo-11/../../lib/x86_64-linux-gnu/gazebo-11/plugins:/usr/share/gazebo-11/../../lib/x86_64-linux-gnu/gazebo-11/plugins:/usr/share/gazebo-11/../../lib/x86_64-linux-gnu/gazebo-11/plugins:/usr/share/gazebo-11/../../lib/x86_64-linux-gnu/gazebo-11/plugins:/usr/share/gazebo-11/../../lib/x86_64-linux-gnu/gazebo-11/plugins::/usr/share/gazebo-11/../../lib/x86_64-linux-gnu/gazebo-11/plugins:/usr/share/gazebo-11/../../lib/x86_64-linux-gnu/gazebo-11/plugins:/usr/share/gazebo-11/../../lib/x86_64-linux-gnu/gazebo-11/plugins:/usr/share/gazebo-11/../../lib/x86_64-linux-gnu/gazebo-11/plugins:/usr/share/gazebo-11/../../lib/x86_64-linux-gnu/gazebo-11/plugins:/usr/share/gazebo-11/../../lib/x86_64-linux-gnu/gazebo-11/plugins:/usr/share/gazebo-11/../../lib/x86_64-linux-gnu/gazebo-11/plugins:/usr/share/gazebo-11/../../lib/x86_64-linux-gnu/gazebo-11/plugins:/usr/share/gazebo-11/../../lib/x86_64-linux-gnu/gazebo-11/plugins::/usr/share/gazebo-11/../../lib/x86_64-linux-gnu/gazebo-11/plugins:/usr/share/gazebo-11/../../lib/x86_64-linux-gnu/gazebo-11/plugins:/usr/share/gazebo-11/../../lib/x86_64-linux-gnu/gazebo-11/plugins:/usr/share/gazebo-11/../../lib/x86_64-linux-gnu/gazebo-11/plugins:/usr/share/gazebo-11/../../lib/x86_64-linux-gnu/gazebo-11/plugins:/usr/share/gazebo-11/../../lib/x86_64-linux-gnu/gazebo-11/plugins:/usr/share/gazebo-11/../../lib/x86_64-linux-gnu/gazebo-11/plugins:/usr/share/gazebo-11/../../lib/x86_64-linux-gnu/gazebo-11/plugins:/usr/share/gazebo-11/../../lib/x86_64-linux-gnu/gazebo-11/plugins:/usr/share/gazebo-11/../../lib/x86_64-linux-gnu/gazebo-11/plugins:'), ('HOME', '/home/bhaskar'), ('OLDPWD', '/home/bhaskar/colcon_ws'), ('TERM_PROGRAM_VERSION', '1.94.0'), ('VSCODE_IPC_HOOK_CLI', '/run/user/1000/vscode-ipc-70a67aec-aa5b-4b9d-8424-bcb226a91ae1.sock'), ('GAZEBO_MASTER_URI', 'http://localhost:11345'), ('ROS_PYTHON_VERSION', '3'), ('VSCODE_GIT_ASKPASS_MAIN', '/home/bhaskar/.vscode-server/bin/d78a74bcdfad14d5d3b1b782f87255d802b57511/extensions/git/dist/askpass-main.js'), ('VSCODE_GIT_ASKPASS_NODE', '/home/bhaskar/.vscode-server/bin/d78a74bcdfad14d5d3b1b782f87255d802b57511/node'), ('DBUS_SESSION_BUS_ADDRESS', 'unix:path=/run/user/1000/bus'), ('COLORTERM', 'truecolor'), ('WSL_DISTRO_NAME', 'Ubuntu'), ('_colcon_cd_root', '/opt/ros/humble/'), ('WAYLAND_DISPLAY', 'wayland-0'), ('COLCON_PREFIX_PATH', '/home/bhaskar/new_ws/install:/home/bhaskar/colcon_ws/install:/home/bhaskar/colcon_ws/src/ebot_nav2/install'), ('ROS_DISTRO', 'humble'), ('LOGNAME', 'bhaskar'), ('NAME', 'DESKTOP-B9FK9U8'), ('WSL_INTEROP', '/run/WSL/15780_interop'), ('PULSE_SERVER', 'unix:/mnt/wslg/PulseServer'), ('_', '/usr/bin/colcon'), ('ROS_VERSION', '2'), ('TERM', 'xterm-256color'), ('GAZEBO_MODEL_PATH', '/usr/share/gazebo-11/../../share/gazebo-11/models:/usr/share/gazebo-11/../../share/gazebo-11/models:/usr/share/gazebo-11/../../share/gazebo-11/models:/usr/share/gazebo-11/../../share/gazebo-11/models:/usr/share/gazebo-11/../../share/gazebo-11/models:/usr/share/gazebo-11/../../share/gazebo-11/models:/usr/share/gazebo-11/../../share/gazebo-11/models:/usr/share/gazebo-11/../../share/gazebo-11/models:/usr/share/gazebo-11/../../share/gazebo-11/models:/usr/share/gazebo-11/../../share/gazebo-11/models:'), ('ROS_LOCALHOST_ONLY', '0'), ('OGRE_RESOURCE_PATH', '/usr/lib/x86_64-linux-gnu/OGRE-1.9.0'), ('PATH', '/home/bhaskar/.vscode-server/bin/d78a74bcdfad14d5d3b1b782f87255d802b57511/bin/remote-cli:/home/bhaskar/.local/bin:/opt/ros/humble/bin:/usr/local/sbin:/usr/local/bin:/usr/sbin:/usr/bin:/sbin:/bin:/usr/games:/usr/local/games:/usr/lib/wsl/lib:/mnt/c/Program Files/NVIDIA GPU Computing Toolkit/CUDA/v12.4/bin:/mnt/c/Program Files/NVIDIA GPU Computing Toolkit/CUDA/v12.4/libnvvp:/mnt/c/Windows/system32:/mnt/c/Windows:/mnt/c/Windows/System32/Wbem:/mnt/c/Windows/System32/WindowsPowerShell/v1.0/:/mnt/c/Windows/System32/OpenSSH/:/mnt/c/Program Files (x86)/NVIDIA Corporation/PhysX/Common:/mnt/c/Program Files (x86)/Windows Kits/10/Windows Performance Toolkit/:/mnt/c/Program Files/dotnet/:/mnt/c/Program Files/NVIDIA Corporation/Nsight Compute 2024.1.1/:/mnt/c/Program Files/NVIDIA Corporation/NVIDIA NvDLISR:/mnt/c/Users/Dell/miniconda3/Library/mingw-w64/bin:/mnt/c/Program Files/Git/cmd:/mnt/c/Program Files/Git LFS:/mnt/c/Program Files/Docker/Docker/resources/bin:/mnt/c/Users/Dell/miniconda3:/mnt/c/Users/Dell/miniconda3/Library/mingw-w64/bin:/mnt/c/Users/Dell/miniconda3/Library/usr/bin:/mnt/c/Users/Dell/miniconda3/Library/bin:/mnt/c/Users/Dell/miniconda3/Scripts:/mnt/c/Users/Dell/AppData/Local/Microsoft/WindowsApps:/mnt/c/Users/Dell/AppData/Local/Programs/Microsoft VS Code/bin:/mnt/c/Users/Dell/AppData/Local/Programs/Ollama:/snap/bin'), ('XDG_RUNTIME_DIR', '/run/user/1000/'), ('DISPLAY', ':0'), ('LANG', 'C.UTF-8'), ('LS_COLORS', 'rs=0:di=01;34:ln=01;36:mh=00:pi=40;33:so=01;35:do=01;35:bd=40;33;01:cd=40;33;01:or=40;31;01:mi=00:su=37;41:sg=30;43:ca=30;41:tw=30;42:ow=34;42:st=37;44:ex=01;32:*.tar=01;31:*.tgz=01;31:*.arc=01;31:*.arj=01;31:*.taz=01;31:*.lha=01;31:*.lz4=01;31:*.lzh=01;31:*.lzma=01;31:*.tlz=01;31:*.txz=01;31:*.tzo=01;31:*.t7z=01;31:*.zip=01;31:*.z=01;31:*.dz=01;31:*.gz=01;31:*.lrz=01;31:*.lz=01;31:*.lzo=01;31:*.xz=01;31:*.zst=01;31:*.tzst=01;31:*.bz2=01;31:*.bz=01;31:*.tbz=01;31:*.tbz2=01;31:*.tz=01;31:*.deb=01;31:*.rpm=01;31:*.jar=01;31:*.war=01;31:*.ear=01;31:*.sar=01;31:*.rar=01;31:*.alz=01;31:*.ace=01;31:*.zoo=01;31:*.cpio=01;31:*.7z=01;31:*.rz=01;31:*.cab=01;31:*.wim=01;31:*.swm=01;31:*.dwm=01;31:*.esd=01;31:*.jpg=01;35:*.jpeg=01;35:*.mjpg=01;35:*.mjpeg=01;35:*.gif=01;35:*.bmp=01;35:*.pbm=01;35:*.pgm=01;35:*.ppm=01;35:*.tga=01;35:*.xbm=01;35:*.xpm=01;35:*.tif=01;35:*.tiff=01;35:*.png=01;35:*.svg=01;35:*.svgz=01;35:*.mng=01;35:*.pcx=01;35:*.mov=01;35:*.mpg=01;35:*.mpeg=01;35:*.m2v=01;35:*.mkv=01;35:*.webm=01;35:*.webp=01;35:*.ogm=01;35:*.mp4=01;35:*.m4v=01;35:*.mp4v=01;35:*.vob=01;35:*.qt=01;35:*.nuv=01;35:*.wmv=01;35:*.asf=01;35:*.rm=01;35:*.rmvb=01;35:*.flc=01;35:*.avi=01;35:*.fli=01;35:*.flv=01;35:*.gl=01;35:*.dl=01;35:*.xcf=01;35:*.xwd=01;35:*.yuv=01;35:*.cgm=01;35:*.emf=01;35:*.ogv=01;35:*.ogx=01;35:*.aac=00;36:*.au=00;36:*.flac=00;36:*.m4a=00;36:*.mid=00;36:*.midi=00;36:*.mka=00;36:*.mp3=00;36:*.mpc=00;36:*.ogg=00;36:*.ra=00;36:*.wav=00;36:*.oga=00;36:*.opus=00;36:*.spx=00;36:*.xspf=00;36:'), ('VSCODE_GIT_IPC_HANDLE', '/run/user/1000/vscode-git-8ca4f50bf7.sock'), ('TERM_PROGRAM', 'vscode'), ('AMENT_PREFIX_PATH', '/home/bhaskar/new_ws/install/ur_simulation_gazebo:/home/bhaskar/new_ws/install/ur_moveit_config:/home/bhaskar/new_ws/install/ur_description:/home/bhaskar/new_ws/install/ur5_control:/home/bhaskar/new_ws/install/realsense_gazebo_plugin:/home/bhaskar/new_ws/install/pymoveit2:/home/bhaskar/new_ws/install/linkattacher_msgs:/home/bhaskar/new_ws/install/eyantra_warehouse:/home/bhaskar/new_ws/install/ebot_nav2:/home/bhaskar/new_ws/install/ebot_description:/home/bhaskar/colcon_ws/install/ur_simulation_gazebo:/home/bhaskar/colcon_ws/install/ur_moveit_config:/home/bhaskar/colcon_ws/install/ur_description:/home/bhaskar/colcon_ws/install/ur5_control:/home/bhaskar/colcon_ws/install/realsense_gazebo_plugin:/home/bhaskar/colcon_ws/install/pymoveit2:/home/bhaskar/colcon_ws/install/linkattacher_msgs:/home/bhaskar/colcon_ws/install/eyantra_warehouse:/home/bhaskar/colcon_ws/install/ebot_nav2:/home/bhaskar/colcon_ws/install/ebot_description:/home/bhaskar/colcon_ws/src/ebot_nav2/install/ebot_nav2:/opt/ros/humble'), ('SHELL', '/bin/bash'), ('LESSCLOSE', '/usr/bin/lesspipe %s %s'), ('GAZEBO_RESOURCE_PATH', '/usr/share/gazebo-11/../../share/gazebo-11:/usr/share/gazebo-11/../../share/gazebo-11:/usr/share/gazebo-11/../../share/gazebo-11:/usr/share/gazebo-11/../../share/gazebo-11:/usr/share/gazebo-11/../../share/gazebo-11:/usr/share/gazebo-11/../../share/gazebo-11:/usr/share/gazebo-11/../../share/gazebo-11:/usr/share/gazebo-11/../../share/gazebo-11:/usr/share/gazebo-11/../../share/gazebo-11:/usr/share/gazebo-11/../../share/gazebo-11:'), ('GAZEBO_MODEL_DATABASE_URI', 'http://models.gazebosim.org'), ('VSCODE_GIT_ASKPASS_EXTRA_ARGS', ''), ('PWD', '/home/bhaskar/colcon_ws/src/build/linkattacher_msgs'), ('GAZEBO_PLUGIN_PATH', '/usr/share/gazebo-11/../../lib/x86_64-linux-gnu/gazebo-11/plugins:/usr/share/gazebo-11/../../lib/x86_64-linux-gnu/gazebo-11/plugins:/usr/share/gazebo-11/../../lib/x86_64-linux-gnu/gazebo-11/plugins:/usr/share/gazebo-11/../../lib/x86_64-linux-gnu/gazebo-11/plugins:/usr/share/gazebo-11/../../lib/x86_64-linux-gnu/gazebo-11/plugins:/usr/share/gazebo-11/../../lib/x86_64-linux-gnu/gazebo-11/plugins:/usr/share/gazebo-11/../../lib/x86_64-linux-gnu/gazebo-11/plugins:/usr/share/gazebo-11/../../lib/x86_64-linux-gnu/gazebo-11/plugins:/usr/share/gazebo-11/../../lib/x86_64-linux-gnu/gazebo-11/plugins:/usr/share/gazebo-11/../../lib/x86_64-linux-gnu/gazebo-11/plugins:'), ('XDG_DATA_DIRS', '/usr/local/share:/usr/share:/var/lib/snapd/desktop'), ('PYTHONPATH', '/home/bhaskar/new_ws/install/ur5_control/lib/python3.10/site-packages:/home/bhaskar/new_ws/install/pymoveit2/local/lib/python3.10/dist-packages:/home/bhaskar/new_ws/install/linkattacher_msgs/local/lib/python3.10/dist-packages:/home/bhaskar/colcon_ws/install/ur5_control/lib/python3.10/site-packages:/home/bhaskar/colcon_ws/install/pymoveit2/local/lib/python3.10/dist-packages:/home/bhaskar/colcon_ws/install/linkattacher_msgs/local/lib/python3.10/dist-packages:/opt/ros/humble/lib/python3.10/site-packages:/opt/ros/humble/local/lib/python3.10/dist-packages'), ('COLCON', '1'), ('WSL2_GUI_APPS_ENABLED', '1'), ('HOSTTYPE', 'x86_64'), ('CMAKE_PREFIX_PATH', '/home/bhaskar/new_ws/install/ur_simulation_gazebo:/home/bhaskar/new_ws/install/ur_moveit_config:/home/bhaskar/new_ws/install/ur_description:/home/bhaskar/new_ws/install/realsense_gazebo_plugin:/home/bhaskar/new_ws/install/pymoveit2:/home/bhaskar/new_ws/install/linkattacher_msgs:/home/bhaskar/new_ws/install/eyantra_warehouse:/home/bhaskar/new_ws/install/ebot_nav2:/home/bhaskar/new_ws/install/ebot_description:/home/bhaskar/colcon_ws/install/ur_simulation_gazebo:/home/bhaskar/colcon_ws/install/ur_moveit_config:/home/bhaskar/colcon_ws/install/ur_description:/home/bhaskar/colcon_ws/install/realsense_gazebo_plugin:/home/bhaskar/colcon_ws/install/pymoveit2:/home/bhaskar/colcon_ws/install/linkattacher_msgs:/home/bhaskar/colcon_ws/install/eyantra_warehouse:/home/bhaskar/colcon_ws/install/ebot_nav2:/home/bhaskar/colcon_ws/install/ebot_description:/home/bhaskar/colcon_ws/src/ebot_nav2/install/ebot_nav2:/home/bhaskar/new_ws/install/ur5_control:/home/bhaskar/colcon_ws/install/ur5_control:/opt/ros/humble'), ('WSLENV', 'VSCODE_WSL_EXT_LOCATION/up')]), 'shell': False}
[0.040745] (pymoveit2) JobProgress: {'identifier': 'pymoveit2', 'progress': 'cmake'}
[0.040804] (pymoveit2) Command: {'cmd': ['/usr/bin/cmake', '/home/bhaskar/colcon_ws/src/pymoveit2', '-DCMAKE_INSTALL_PREFIX=/home/bhaskar/colcon_ws/src/install/pymoveit2'], 'cwd': '/home/bhaskar/colcon_ws/src/build/pymoveit2', 'env': OrderedDict([('LESSOPEN', '| /usr/bin/lesspipe %s'), ('USER', 'bhaskar'), ('GIT_ASKPASS', '/home/bhaskar/.vscode-server/bin/d78a74bcdfad14d5d3b1b782f87255d802b57511/extensions/git/dist/askpass.sh'), ('SHLVL', '1'), ('LD_LIBRARY_PATH', '/home/bhaskar/new_ws/install/realsense_gazebo_plugin/lib:/home/bhaskar/new_ws/install/linkattacher_msgs/lib:/home/bhaskar/colcon_ws/install/realsense_gazebo_plugin/lib:/home/bhaskar/colcon_ws/install/linkattacher_msgs/lib:/usr/lib/x86_64-linux-gnu/gazebo-11/plugins:/opt/ros/humble/opt/rviz_ogre_vendor/lib:/opt/ros/humble/lib/x86_64-linux-gnu:/opt/ros/humble/lib:/usr/share/gazebo-11/../../lib/x86_64-linux-gnu/gazebo-11/plugins::/usr/share/gazebo-11/../../lib/x86_64-linux-gnu/gazebo-11/plugins:/usr/share/gazebo-11/../../lib/x86_64-linux-gnu/gazebo-11/plugins::/usr/share/gazebo-11/../../lib/x86_64-linux-gnu/gazebo-11/plugins:/usr/share/gazebo-11/../../lib/x86_64-linux-gnu/gazebo-11/plugins:/usr/share/gazebo-11/../../lib/x86_64-linux-gnu/gazebo-11/plugins::/usr/share/gazebo-11/../../lib/x86_64-linux-gnu/gazebo-11/plugins:/usr/share/gazebo-11/../../lib/x86_64-linux-gnu/gazebo-11/plugins:/usr/share/gazebo-11/../../lib/x86_64-linux-gnu/gazebo-11/plugins:/usr/share/gazebo-11/../../lib/x86_64-linux-gnu/gazebo-11/plugins::/usr/share/gazebo-11/../../lib/x86_64-linux-gnu/gazebo-11/plugins:/usr/share/gazebo-11/../../lib/x86_64-linux-gnu/gazebo-11/plugins:/usr/share/gazebo-11/../../lib/x86_64-linux-gnu/gazebo-11/plugins:/usr/share/gazebo-11/../../lib/x86_64-linux-gnu/gazebo-11/plugins:/usr/share/gazebo-11/../../lib/x86_64-linux-gnu/gazebo-11/plugins::/usr/share/gazebo-11/../../lib/x86_64-linux-gnu/gazebo-11/plugins:/usr/share/gazebo-11/../../lib/x86_64-linux-gnu/gazebo-11/plugins:/usr/share/gazebo-11/../../lib/x86_64-linux-gnu/gazebo-11/plugins:/usr/share/gazebo-11/../../lib/x86_64-linux-gnu/gazebo-11/plugins:/usr/share/gazebo-11/../../lib/x86_64-linux-gnu/gazebo-11/plugins:/usr/share/gazebo-11/../../lib/x86_64-linux-gnu/gazebo-11/plugins::/usr/share/gazebo-11/../../lib/x86_64-linux-gnu/gazebo-11/plugins:/usr/share/gazebo-11/../../lib/x86_64-linux-gnu/gazebo-11/plugins:/usr/share/gazebo-11/../../lib/x86_64-linux-gnu/gazebo-11/plugins:/usr/share/gazebo-11/../../lib/x86_64-linux-gnu/gazebo-11/plugins:/usr/share/gazebo-11/../../lib/x86_64-linux-gnu/gazebo-11/plugins:/usr/share/gazebo-11/../../lib/x86_64-linux-gnu/gazebo-11/plugins:/usr/share/gazebo-11/../../lib/x86_64-linux-gnu/gazebo-11/plugins::/usr/share/gazebo-11/../../lib/x86_64-linux-gnu/gazebo-11/plugins:/usr/share/gazebo-11/../../lib/x86_64-linux-gnu/gazebo-11/plugins:/usr/share/gazebo-11/../../lib/x86_64-linux-gnu/gazebo-11/plugins:/usr/share/gazebo-11/../../lib/x86_64-linux-gnu/gazebo-11/plugins:/usr/share/gazebo-11/../../lib/x86_64-linux-gnu/gazebo-11/plugins:/usr/share/gazebo-11/../../lib/x86_64-linux-gnu/gazebo-11/plugins:/usr/share/gazebo-11/../../lib/x86_64-linux-gnu/gazebo-11/plugins:/usr/share/gazebo-11/../../lib/x86_64-linux-gnu/gazebo-11/plugins::/usr/share/gazebo-11/../../lib/x86_64-linux-gnu/gazebo-11/plugins:/usr/share/gazebo-11/../../lib/x86_64-linux-gnu/gazebo-11/plugins:/usr/share/gazebo-11/../../lib/x86_64-linux-gnu/gazebo-11/plugins:/usr/share/gazebo-11/../../lib/x86_64-linux-gnu/gazebo-11/plugins:/usr/share/gazebo-11/../../lib/x86_64-linux-gnu/gazebo-11/plugins:/usr/share/gazebo-11/../../lib/x86_64-linux-gnu/gazebo-11/plugins:/usr/share/gazebo-11/../../lib/x86_64-linux-gnu/gazebo-11/plugins:/usr/share/gazebo-11/../../lib/x86_64-linux-gnu/gazebo-11/plugins:/usr/share/gazebo-11/../../lib/x86_64-linux-gnu/gazebo-11/plugins::/usr/share/gazebo-11/../../lib/x86_64-linux-gnu/gazebo-11/plugins:/usr/share/gazebo-11/../../lib/x86_64-linux-gnu/gazebo-11/plugins:/usr/share/gazebo-11/../../lib/x86_64-linux-gnu/gazebo-11/plugins:/usr/share/gazebo-11/../../lib/x86_64-linux-gnu/gazebo-11/plugins:/usr/share/gazebo-11/../../lib/x86_64-linux-gnu/gazebo-11/plugins:/usr/share/gazebo-11/../../lib/x86_64-linux-gnu/gazebo-11/plugins:/usr/share/gazebo-11/../../lib/x86_64-linux-gnu/gazebo-11/plugins:/usr/share/gazebo-11/../../lib/x86_64-linux-gnu/gazebo-11/plugins:/usr/share/gazebo-11/../../lib/x86_64-linux-gnu/gazebo-11/plugins:/usr/share/gazebo-11/../../lib/x86_64-linux-gnu/gazebo-11/plugins:'), ('HOME', '/home/bhaskar'), ('OLDPWD', '/home/bhaskar/colcon_ws'), ('TERM_PROGRAM_VERSION', '1.94.0'), ('VSCODE_IPC_HOOK_CLI', '/run/user/1000/vscode-ipc-70a67aec-aa5b-4b9d-8424-bcb226a91ae1.sock'), ('GAZEBO_MASTER_URI', 'http://localhost:11345'), ('ROS_PYTHON_VERSION', '3'), ('VSCODE_GIT_ASKPASS_MAIN', '/home/bhaskar/.vscode-server/bin/d78a74bcdfad14d5d3b1b782f87255d802b57511/extensions/git/dist/askpass-main.js'), ('VSCODE_GIT_ASKPASS_NODE', '/home/bhaskar/.vscode-server/bin/d78a74bcdfad14d5d3b1b782f87255d802b57511/node'), ('DBUS_SESSION_BUS_ADDRESS', 'unix:path=/run/user/1000/bus'), ('COLORTERM', 'truecolor'), ('WSL_DISTRO_NAME', 'Ubuntu'), ('_colcon_cd_root', '/opt/ros/humble/'), ('WAYLAND_DISPLAY', 'wayland-0'), ('COLCON_PREFIX_PATH', '/home/bhaskar/new_ws/install:/home/bhaskar/colcon_ws/install:/home/bhaskar/colcon_ws/src/ebot_nav2/install'), ('ROS_DISTRO', 'humble'), ('LOGNAME', 'bhaskar'), ('NAME', 'DESKTOP-B9FK9U8'), ('WSL_INTEROP', '/run/WSL/15780_interop'), ('PULSE_SERVER', 'unix:/mnt/wslg/PulseServer'), ('_', '/usr/bin/colcon'), ('ROS_VERSION', '2'), ('TERM', 'xterm-256color'), ('GAZEBO_MODEL_PATH', '/usr/share/gazebo-11/../../share/gazebo-11/models:/usr/share/gazebo-11/../../share/gazebo-11/models:/usr/share/gazebo-11/../../share/gazebo-11/models:/usr/share/gazebo-11/../../share/gazebo-11/models:/usr/share/gazebo-11/../../share/gazebo-11/models:/usr/share/gazebo-11/../../share/gazebo-11/models:/usr/share/gazebo-11/../../share/gazebo-11/models:/usr/share/gazebo-11/../../share/gazebo-11/models:/usr/share/gazebo-11/../../share/gazebo-11/models:/usr/share/gazebo-11/../../share/gazebo-11/models:'), ('ROS_LOCALHOST_ONLY', '0'), ('OGRE_RESOURCE_PATH', '/usr/lib/x86_64-linux-gnu/OGRE-1.9.0'), ('PATH', '/home/bhaskar/.vscode-server/bin/d78a74bcdfad14d5d3b1b782f87255d802b57511/bin/remote-cli:/home/bhaskar/.local/bin:/opt/ros/humble/bin:/usr/local/sbin:/usr/local/bin:/usr/sbin:/usr/bin:/sbin:/bin:/usr/games:/usr/local/games:/usr/lib/wsl/lib:/mnt/c/Program Files/NVIDIA GPU Computing Toolkit/CUDA/v12.4/bin:/mnt/c/Program Files/NVIDIA GPU Computing Toolkit/CUDA/v12.4/libnvvp:/mnt/c/Windows/system32:/mnt/c/Windows:/mnt/c/Windows/System32/Wbem:/mnt/c/Windows/System32/WindowsPowerShell/v1.0/:/mnt/c/Windows/System32/OpenSSH/:/mnt/c/Program Files (x86)/NVIDIA Corporation/PhysX/Common:/mnt/c/Program Files (x86)/Windows Kits/10/Windows Performance Toolkit/:/mnt/c/Program Files/dotnet/:/mnt/c/Program Files/NVIDIA Corporation/Nsight Compute 2024.1.1/:/mnt/c/Program Files/NVIDIA Corporation/NVIDIA NvDLISR:/mnt/c/Users/Dell/miniconda3/Library/mingw-w64/bin:/mnt/c/Program Files/Git/cmd:/mnt/c/Program Files/Git LFS:/mnt/c/Program Files/Docker/Docker/resources/bin:/mnt/c/Users/Dell/miniconda3:/mnt/c/Users/Dell/miniconda3/Library/mingw-w64/bin:/mnt/c/Users/Dell/miniconda3/Library/usr/bin:/mnt/c/Users/Dell/miniconda3/Library/bin:/mnt/c/Users/Dell/miniconda3/Scripts:/mnt/c/Users/Dell/AppData/Local/Microsoft/WindowsApps:/mnt/c/Users/Dell/AppData/Local/Programs/Microsoft VS Code/bin:/mnt/c/Users/Dell/AppData/Local/Programs/Ollama:/snap/bin'), ('XDG_RUNTIME_DIR', '/run/user/1000/'), ('DISPLAY', ':0'), ('LANG', 'C.UTF-8'), ('LS_COLORS', 'rs=0:di=01;34:ln=01;36:mh=00:pi=40;33:so=01;35:do=01;35:bd=40;33;01:cd=40;33;01:or=40;31;01:mi=00:su=37;41:sg=30;43:ca=30;41:tw=30;42:ow=34;42:st=37;44:ex=01;32:*.tar=01;31:*.tgz=01;31:*.arc=01;31:*.arj=01;31:*.taz=01;31:*.lha=01;31:*.lz4=01;31:*.lzh=01;31:*.lzma=01;31:*.tlz=01;31:*.txz=01;31:*.tzo=01;31:*.t7z=01;31:*.zip=01;31:*.z=01;31:*.dz=01;31:*.gz=01;31:*.lrz=01;31:*.lz=01;31:*.lzo=01;31:*.xz=01;31:*.zst=01;31:*.tzst=01;31:*.bz2=01;31:*.bz=01;31:*.tbz=01;31:*.tbz2=01;31:*.tz=01;31:*.deb=01;31:*.rpm=01;31:*.jar=01;31:*.war=01;31:*.ear=01;31:*.sar=01;31:*.rar=01;31:*.alz=01;31:*.ace=01;31:*.zoo=01;31:*.cpio=01;31:*.7z=01;31:*.rz=01;31:*.cab=01;31:*.wim=01;31:*.swm=01;31:*.dwm=01;31:*.esd=01;31:*.jpg=01;35:*.jpeg=01;35:*.mjpg=01;35:*.mjpeg=01;35:*.gif=01;35:*.bmp=01;35:*.pbm=01;35:*.pgm=01;35:*.ppm=01;35:*.tga=01;35:*.xbm=01;35:*.xpm=01;35:*.tif=01;35:*.tiff=01;35:*.png=01;35:*.svg=01;35:*.svgz=01;35:*.mng=01;35:*.pcx=01;35:*.mov=01;35:*.mpg=01;35:*.mpeg=01;35:*.m2v=01;35:*.mkv=01;35:*.webm=01;35:*.webp=01;35:*.ogm=01;35:*.mp4=01;35:*.m4v=01;35:*.mp4v=01;35:*.vob=01;35:*.qt=01;35:*.nuv=01;35:*.wmv=01;35:*.asf=01;35:*.rm=01;35:*.rmvb=01;35:*.flc=01;35:*.avi=01;35:*.fli=01;35:*.flv=01;35:*.gl=01;35:*.dl=01;35:*.xcf=01;35:*.xwd=01;35:*.yuv=01;35:*.cgm=01;35:*.emf=01;35:*.ogv=01;35:*.ogx=01;35:*.aac=00;36:*.au=00;36:*.flac=00;36:*.m4a=00;36:*.mid=00;36:*.midi=00;36:*.mka=00;36:*.mp3=00;36:*.mpc=00;36:*.ogg=00;36:*.ra=00;36:*.wav=00;36:*.oga=00;36:*.opus=00;36:*.spx=00;36:*.xspf=00;36:'), ('VSCODE_GIT_IPC_HANDLE', '/run/user/1000/vscode-git-8ca4f50bf7.sock'), ('TERM_PROGRAM', 'vscode'), ('AMENT_PREFIX_PATH', '/home/bhaskar/new_ws/install/ur_simulation_gazebo:/home/bhaskar/new_ws/install/ur_moveit_config:/home/bhaskar/new_ws/install/ur_description:/home/bhaskar/new_ws/install/ur5_control:/home/bhaskar/new_ws/install/realsense_gazebo_plugin:/home/bhaskar/new_ws/install/pymoveit2:/home/bhaskar/new_ws/install/linkattacher_msgs:/home/bhaskar/new_ws/install/eyantra_warehouse:/home/bhaskar/new_ws/install/ebot_nav2:/home/bhaskar/new_ws/install/ebot_description:/home/bhaskar/colcon_ws/install/ur_simulation_gazebo:/home/bhaskar/colcon_ws/install/ur_moveit_config:/home/bhaskar/colcon_ws/install/ur_description:/home/bhaskar/colcon_ws/install/ur5_control:/home/bhaskar/colcon_ws/install/realsense_gazebo_plugin:/home/bhaskar/colcon_ws/install/pymoveit2:/home/bhaskar/colcon_ws/install/linkattacher_msgs:/home/bhaskar/colcon_ws/install/eyantra_warehouse:/home/bhaskar/colcon_ws/install/ebot_nav2:/home/bhaskar/colcon_ws/install/ebot_description:/home/bhaskar/colcon_ws/src/ebot_nav2/install/ebot_nav2:/opt/ros/humble'), ('SHELL', '/bin/bash'), ('LESSCLOSE', '/usr/bin/lesspipe %s %s'), ('GAZEBO_RESOURCE_PATH', '/usr/share/gazebo-11/../../share/gazebo-11:/usr/share/gazebo-11/../../share/gazebo-11:/usr/share/gazebo-11/../../share/gazebo-11:/usr/share/gazebo-11/../../share/gazebo-11:/usr/share/gazebo-11/../../share/gazebo-11:/usr/share/gazebo-11/../../share/gazebo-11:/usr/share/gazebo-11/../../share/gazebo-11:/usr/share/gazebo-11/../../share/gazebo-11:/usr/share/gazebo-11/../../share/gazebo-11:/usr/share/gazebo-11/../../share/gazebo-11:'), ('GAZEBO_MODEL_DATABASE_URI', 'http://models.gazebosim.org'), ('VSCODE_GIT_ASKPASS_EXTRA_ARGS', ''), ('PWD', '/home/bhaskar/colcon_ws/src/build/pymoveit2'), ('GAZEBO_PLUGIN_PATH', '/usr/share/gazebo-11/../../lib/x86_64-linux-gnu/gazebo-11/plugins:/usr/share/gazebo-11/../../lib/x86_64-linux-gnu/gazebo-11/plugins:/usr/share/gazebo-11/../../lib/x86_64-linux-gnu/gazebo-11/plugins:/usr/share/gazebo-11/../../lib/x86_64-linux-gnu/gazebo-11/plugins:/usr/share/gazebo-11/../../lib/x86_64-linux-gnu/gazebo-11/plugins:/usr/share/gazebo-11/../../lib/x86_64-linux-gnu/gazebo-11/plugins:/usr/share/gazebo-11/../../lib/x86_64-linux-gnu/gazebo-11/plugins:/usr/share/gazebo-11/../../lib/x86_64-linux-gnu/gazebo-11/plugins:/usr/share/gazebo-11/../../lib/x86_64-linux-gnu/gazebo-11/plugins:/usr/share/gazebo-11/../../lib/x86_64-linux-gnu/gazebo-11/plugins:'), ('XDG_DATA_DIRS', '/usr/local/share:/usr/share:/var/lib/snapd/desktop'), ('PYTHONPATH', '/home/bhaskar/new_ws/install/ur5_control/lib/python3.10/site-packages:/home/bhaskar/new_ws/install/pymoveit2/local/lib/python3.10/dist-packages:/home/bhaskar/new_ws/install/linkattacher_msgs/local/lib/python3.10/dist-packages:/home/bhaskar/colcon_ws/install/ur5_control/lib/python3.10/site-packages:/home/bhaskar/colcon_ws/install/pymoveit2/local/lib/python3.10/dist-packages:/home/bhaskar/colcon_ws/install/linkattacher_msgs/local/lib/python3.10/dist-packages:/opt/ros/humble/lib/python3.10/site-packages:/opt/ros/humble/local/lib/python3.10/dist-packages'), ('COLCON', '1'), ('WSL2_GUI_APPS_ENABLED', '1'), ('HOSTTYPE', 'x86_64'), ('CMAKE_PREFIX_PATH', '/home/bhaskar/new_ws/install/ur_simulation_gazebo:/home/bhaskar/new_ws/install/ur_moveit_config:/home/bhaskar/new_ws/install/ur_description:/home/bhaskar/new_ws/install/realsense_gazebo_plugin:/home/bhaskar/new_ws/install/pymoveit2:/home/bhaskar/new_ws/install/linkattacher_msgs:/home/bhaskar/new_ws/install/eyantra_warehouse:/home/bhaskar/new_ws/install/ebot_nav2:/home/bhaskar/new_ws/install/ebot_description:/home/bhaskar/colcon_ws/install/ur_simulation_gazebo:/home/bhaskar/colcon_ws/install/ur_moveit_config:/home/bhaskar/colcon_ws/install/ur_description:/home/bhaskar/colcon_ws/install/realsense_gazebo_plugin:/home/bhaskar/colcon_ws/install/pymoveit2:/home/bhaskar/colcon_ws/install/linkattacher_msgs:/home/bhaskar/colcon_ws/install/eyantra_warehouse:/home/bhaskar/colcon_ws/install/ebot_nav2:/home/bhaskar/colcon_ws/install/ebot_description:/home/bhaskar/colcon_ws/src/ebot_nav2/install/ebot_nav2:/home/bhaskar/new_ws/install/ur5_control:/home/bhaskar/colcon_ws/install/ur5_control:/opt/ros/humble'), ('WSLENV', 'VSCODE_WSL_EXT_LOCATION/up')]), 'shell': False}
[0.057472] (realsense_gazebo_plugin) JobProgress: {'identifier': 'realsense_gazebo_plugin', 'progress': 'cmake'}
[0.057820] (realsense_gazebo_plugin) Command: {'cmd': ['/usr/bin/cmake', '/home/bhaskar/colcon_ws/src/realsense_gazebo_plugin', '-DCMAKE_INSTALL_PREFIX=/home/bhaskar/colcon_ws/src/install/realsense_gazebo_plugin'], 'cwd': '/home/bhaskar/colcon_ws/src/build/realsense_gazebo_plugin', 'env': OrderedDict([('LESSOPEN', '| /usr/bin/lesspipe %s'), ('USER', 'bhaskar'), ('GIT_ASKPASS', '/home/bhaskar/.vscode-server/bin/d78a74bcdfad14d5d3b1b782f87255d802b57511/extensions/git/dist/askpass.sh'), ('SHLVL', '1'), ('LD_LIBRARY_PATH', '/home/bhaskar/new_ws/install/realsense_gazebo_plugin/lib:/home/bhaskar/new_ws/install/linkattacher_msgs/lib:/home/bhaskar/colcon_ws/install/realsense_gazebo_plugin/lib:/home/bhaskar/colcon_ws/install/linkattacher_msgs/lib:/usr/lib/x86_64-linux-gnu/gazebo-11/plugins:/opt/ros/humble/opt/rviz_ogre_vendor/lib:/opt/ros/humble/lib/x86_64-linux-gnu:/opt/ros/humble/lib:/usr/share/gazebo-11/../../lib/x86_64-linux-gnu/gazebo-11/plugins::/usr/share/gazebo-11/../../lib/x86_64-linux-gnu/gazebo-11/plugins:/usr/share/gazebo-11/../../lib/x86_64-linux-gnu/gazebo-11/plugins::/usr/share/gazebo-11/../../lib/x86_64-linux-gnu/gazebo-11/plugins:/usr/share/gazebo-11/../../lib/x86_64-linux-gnu/gazebo-11/plugins:/usr/share/gazebo-11/../../lib/x86_64-linux-gnu/gazebo-11/plugins::/usr/share/gazebo-11/../../lib/x86_64-linux-gnu/gazebo-11/plugins:/usr/share/gazebo-11/../../lib/x86_64-linux-gnu/gazebo-11/plugins:/usr/share/gazebo-11/../../lib/x86_64-linux-gnu/gazebo-11/plugins:/usr/share/gazebo-11/../../lib/x86_64-linux-gnu/gazebo-11/plugins::/usr/share/gazebo-11/../../lib/x86_64-linux-gnu/gazebo-11/plugins:/usr/share/gazebo-11/../../lib/x86_64-linux-gnu/gazebo-11/plugins:/usr/share/gazebo-11/../../lib/x86_64-linux-gnu/gazebo-11/plugins:/usr/share/gazebo-11/../../lib/x86_64-linux-gnu/gazebo-11/plugins:/usr/share/gazebo-11/../../lib/x86_64-linux-gnu/gazebo-11/plugins::/usr/share/gazebo-11/../../lib/x86_64-linux-gnu/gazebo-11/plugins:/usr/share/gazebo-11/../../lib/x86_64-linux-gnu/gazebo-11/plugins:/usr/share/gazebo-11/../../lib/x86_64-linux-gnu/gazebo-11/plugins:/usr/share/gazebo-11/../../lib/x86_64-linux-gnu/gazebo-11/plugins:/usr/share/gazebo-11/../../lib/x86_64-linux-gnu/gazebo-11/plugins:/usr/share/gazebo-11/../../lib/x86_64-linux-gnu/gazebo-11/plugins::/usr/share/gazebo-11/../../lib/x86_64-linux-gnu/gazebo-11/plugins:/usr/share/gazebo-11/../../lib/x86_64-linux-gnu/gazebo-11/plugins:/usr/share/gazebo-11/../../lib/x86_64-linux-gnu/gazebo-11/plugins:/usr/share/gazebo-11/../../lib/x86_64-linux-gnu/gazebo-11/plugins:/usr/share/gazebo-11/../../lib/x86_64-linux-gnu/gazebo-11/plugins:/usr/share/gazebo-11/../../lib/x86_64-linux-gnu/gazebo-11/plugins:/usr/share/gazebo-11/../../lib/x86_64-linux-gnu/gazebo-11/plugins::/usr/share/gazebo-11/../../lib/x86_64-linux-gnu/gazebo-11/plugins:/usr/share/gazebo-11/../../lib/x86_64-linux-gnu/gazebo-11/plugins:/usr/share/gazebo-11/../../lib/x86_64-linux-gnu/gazebo-11/plugins:/usr/share/gazebo-11/../../lib/x86_64-linux-gnu/gazebo-11/plugins:/usr/share/gazebo-11/../../lib/x86_64-linux-gnu/gazebo-11/plugins:/usr/share/gazebo-11/../../lib/x86_64-linux-gnu/gazebo-11/plugins:/usr/share/gazebo-11/../../lib/x86_64-linux-gnu/gazebo-11/plugins:/usr/share/gazebo-11/../../lib/x86_64-linux-gnu/gazebo-11/plugins::/usr/share/gazebo-11/../../lib/x86_64-linux-gnu/gazebo-11/plugins:/usr/share/gazebo-11/../../lib/x86_64-linux-gnu/gazebo-11/plugins:/usr/share/gazebo-11/../../lib/x86_64-linux-gnu/gazebo-11/plugins:/usr/share/gazebo-11/../../lib/x86_64-linux-gnu/gazebo-11/plugins:/usr/share/gazebo-11/../../lib/x86_64-linux-gnu/gazebo-11/plugins:/usr/share/gazebo-11/../../lib/x86_64-linux-gnu/gazebo-11/plugins:/usr/share/gazebo-11/../../lib/x86_64-linux-gnu/gazebo-11/plugins:/usr/share/gazebo-11/../../lib/x86_64-linux-gnu/gazebo-11/plugins:/usr/share/gazebo-11/../../lib/x86_64-linux-gnu/gazebo-11/plugins::/usr/share/gazebo-11/../../lib/x86_64-linux-gnu/gazebo-11/plugins:/usr/share/gazebo-11/../../lib/x86_64-linux-gnu/gazebo-11/plugins:/usr/share/gazebo-11/../../lib/x86_64-linux-gnu/gazebo-11/plugins:/usr/share/gazebo-11/../../lib/x86_64-linux-gnu/gazebo-11/plugins:/usr/share/gazebo-11/../../lib/x86_64-linux-gnu/gazebo-11/plugins:/usr/share/gazebo-11/../../lib/x86_64-linux-gnu/gazebo-11/plugins:/usr/share/gazebo-11/../../lib/x86_64-linux-gnu/gazebo-11/plugins:/usr/share/gazebo-11/../../lib/x86_64-linux-gnu/gazebo-11/plugins:/usr/share/gazebo-11/../../lib/x86_64-linux-gnu/gazebo-11/plugins:/usr/share/gazebo-11/../../lib/x86_64-linux-gnu/gazebo-11/plugins:'), ('HOME', '/home/bhaskar'), ('OLDPWD', '/home/bhaskar/colcon_ws'), ('TERM_PROGRAM_VERSION', '1.94.0'), ('VSCODE_IPC_HOOK_CLI', '/run/user/1000/vscode-ipc-70a67aec-aa5b-4b9d-8424-bcb226a91ae1.sock'), ('GAZEBO_MASTER_URI', 'http://localhost:11345'), ('ROS_PYTHON_VERSION', '3'), ('VSCODE_GIT_ASKPASS_MAIN', '/home/bhaskar/.vscode-server/bin/d78a74bcdfad14d5d3b1b782f87255d802b57511/extensions/git/dist/askpass-main.js'), ('VSCODE_GIT_ASKPASS_NODE', '/home/bhaskar/.vscode-server/bin/d78a74bcdfad14d5d3b1b782f87255d802b57511/node'), ('DBUS_SESSION_BUS_ADDRESS', 'unix:path=/run/user/1000/bus'), ('COLORTERM', 'truecolor'), ('WSL_DISTRO_NAME', 'Ubuntu'), ('_colcon_cd_root', '/opt/ros/humble/'), ('WAYLAND_DISPLAY', 'wayland-0'), ('COLCON_PREFIX_PATH', '/home/bhaskar/new_ws/install:/home/bhaskar/colcon_ws/install:/home/bhaskar/colcon_ws/src/ebot_nav2/install'), ('ROS_DISTRO', 'humble'), ('LOGNAME', 'bhaskar'), ('NAME', 'DESKTOP-B9FK9U8'), ('WSL_INTEROP', '/run/WSL/15780_interop'), ('PULSE_SERVER', 'unix:/mnt/wslg/PulseServer'), ('_', '/usr/bin/colcon'), ('ROS_VERSION', '2'), ('TERM', 'xterm-256color'), ('GAZEBO_MODEL_PATH', '/usr/share/gazebo-11/../../share/gazebo-11/models:/usr/share/gazebo-11/../../share/gazebo-11/models:/usr/share/gazebo-11/../../share/gazebo-11/models:/usr/share/gazebo-11/../../share/gazebo-11/models:/usr/share/gazebo-11/../../share/gazebo-11/models:/usr/share/gazebo-11/../../share/gazebo-11/models:/usr/share/gazebo-11/../../share/gazebo-11/models:/usr/share/gazebo-11/../../share/gazebo-11/models:/usr/share/gazebo-11/../../share/gazebo-11/models:/usr/share/gazebo-11/../../share/gazebo-11/models:'), ('ROS_LOCALHOST_ONLY', '0'), ('OGRE_RESOURCE_PATH', '/usr/lib/x86_64-linux-gnu/OGRE-1.9.0'), ('PATH', '/home/bhaskar/.vscode-server/bin/d78a74bcdfad14d5d3b1b782f87255d802b57511/bin/remote-cli:/home/bhaskar/.local/bin:/opt/ros/humble/bin:/usr/local/sbin:/usr/local/bin:/usr/sbin:/usr/bin:/sbin:/bin:/usr/games:/usr/local/games:/usr/lib/wsl/lib:/mnt/c/Program Files/NVIDIA GPU Computing Toolkit/CUDA/v12.4/bin:/mnt/c/Program Files/NVIDIA GPU Computing Toolkit/CUDA/v12.4/libnvvp:/mnt/c/Windows/system32:/mnt/c/Windows:/mnt/c/Windows/System32/Wbem:/mnt/c/Windows/System32/WindowsPowerShell/v1.0/:/mnt/c/Windows/System32/OpenSSH/:/mnt/c/Program Files (x86)/NVIDIA Corporation/PhysX/Common:/mnt/c/Program Files (x86)/Windows Kits/10/Windows Performance Toolkit/:/mnt/c/Program Files/dotnet/:/mnt/c/Program Files/NVIDIA Corporation/Nsight Compute 2024.1.1/:/mnt/c/Program Files/NVIDIA Corporation/NVIDIA NvDLISR:/mnt/c/Users/Dell/miniconda3/Library/mingw-w64/bin:/mnt/c/Program Files/Git/cmd:/mnt/c/Program Files/Git LFS:/mnt/c/Program Files/Docker/Docker/resources/bin:/mnt/c/Users/Dell/miniconda3:/mnt/c/Users/Dell/miniconda3/Library/mingw-w64/bin:/mnt/c/Users/Dell/miniconda3/Library/usr/bin:/mnt/c/Users/Dell/miniconda3/Library/bin:/mnt/c/Users/Dell/miniconda3/Scripts:/mnt/c/Users/Dell/AppData/Local/Microsoft/WindowsApps:/mnt/c/Users/Dell/AppData/Local/Programs/Microsoft VS Code/bin:/mnt/c/Users/Dell/AppData/Local/Programs/Ollama:/snap/bin'), ('XDG_RUNTIME_DIR', '/run/user/1000/'), ('DISPLAY', ':0'), ('LANG', 'C.UTF-8'), ('LS_COLORS', 'rs=0:di=01;34:ln=01;36:mh=00:pi=40;33:so=01;35:do=01;35:bd=40;33;01:cd=40;33;01:or=40;31;01:mi=00:su=37;41:sg=30;43:ca=30;41:tw=30;42:ow=34;42:st=37;44:ex=01;32:*.tar=01;31:*.tgz=01;31:*.arc=01;31:*.arj=01;31:*.taz=01;31:*.lha=01;31:*.lz4=01;31:*.lzh=01;31:*.lzma=01;31:*.tlz=01;31:*.txz=01;31:*.tzo=01;31:*.t7z=01;31:*.zip=01;31:*.z=01;31:*.dz=01;31:*.gz=01;31:*.lrz=01;31:*.lz=01;31:*.lzo=01;31:*.xz=01;31:*.zst=01;31:*.tzst=01;31:*.bz2=01;31:*.bz=01;31:*.tbz=01;31:*.tbz2=01;31:*.tz=01;31:*.deb=01;31:*.rpm=01;31:*.jar=01;31:*.war=01;31:*.ear=01;31:*.sar=01;31:*.rar=01;31:*.alz=01;31:*.ace=01;31:*.zoo=01;31:*.cpio=01;31:*.7z=01;31:*.rz=01;31:*.cab=01;31:*.wim=01;31:*.swm=01;31:*.dwm=01;31:*.esd=01;31:*.jpg=01;35:*.jpeg=01;35:*.mjpg=01;35:*.mjpeg=01;35:*.gif=01;35:*.bmp=01;35:*.pbm=01;35:*.pgm=01;35:*.ppm=01;35:*.tga=01;35:*.xbm=01;35:*.xpm=01;35:*.tif=01;35:*.tiff=01;35:*.png=01;35:*.svg=01;35:*.svgz=01;35:*.mng=01;35:*.pcx=01;35:*.mov=01;35:*.mpg=01;35:*.mpeg=01;35:*.m2v=01;35:*.mkv=01;35:*.webm=01;35:*.webp=01;35:*.ogm=01;35:*.mp4=01;35:*.m4v=01;35:*.mp4v=01;35:*.vob=01;35:*.qt=01;35:*.nuv=01;35:*.wmv=01;35:*.asf=01;35:*.rm=01;35:*.rmvb=01;35:*.flc=01;35:*.avi=01;35:*.fli=01;35:*.flv=01;35:*.gl=01;35:*.dl=01;35:*.xcf=01;35:*.xwd=01;35:*.yuv=01;35:*.cgm=01;35:*.emf=01;35:*.ogv=01;35:*.ogx=01;35:*.aac=00;36:*.au=00;36:*.flac=00;36:*.m4a=00;36:*.mid=00;36:*.midi=00;36:*.mka=00;36:*.mp3=00;36:*.mpc=00;36:*.ogg=00;36:*.ra=00;36:*.wav=00;36:*.oga=00;36:*.opus=00;36:*.spx=00;36:*.xspf=00;36:'), ('VSCODE_GIT_IPC_HANDLE', '/run/user/1000/vscode-git-8ca4f50bf7.sock'), ('TERM_PROGRAM', 'vscode'), ('AMENT_PREFIX_PATH', '/home/bhaskar/new_ws/install/ur_simulation_gazebo:/home/bhaskar/new_ws/install/ur_moveit_config:/home/bhaskar/new_ws/install/ur_description:/home/bhaskar/new_ws/install/ur5_control:/home/bhaskar/new_ws/install/realsense_gazebo_plugin:/home/bhaskar/new_ws/install/pymoveit2:/home/bhaskar/new_ws/install/linkattacher_msgs:/home/bhaskar/new_ws/install/eyantra_warehouse:/home/bhaskar/new_ws/install/ebot_nav2:/home/bhaskar/new_ws/install/ebot_description:/home/bhaskar/colcon_ws/install/ur_simulation_gazebo:/home/bhaskar/colcon_ws/install/ur_moveit_config:/home/bhaskar/colcon_ws/install/ur_description:/home/bhaskar/colcon_ws/install/ur5_control:/home/bhaskar/colcon_ws/install/realsense_gazebo_plugin:/home/bhaskar/colcon_ws/install/pymoveit2:/home/bhaskar/colcon_ws/install/linkattacher_msgs:/home/bhaskar/colcon_ws/install/eyantra_warehouse:/home/bhaskar/colcon_ws/install/ebot_nav2:/home/bhaskar/colcon_ws/install/ebot_description:/home/bhaskar/colcon_ws/src/ebot_nav2/install/ebot_nav2:/opt/ros/humble'), ('SHELL', '/bin/bash'), ('LESSCLOSE', '/usr/bin/lesspipe %s %s'), ('GAZEBO_RESOURCE_PATH', '/usr/share/gazebo-11/../../share/gazebo-11:/usr/share/gazebo-11/../../share/gazebo-11:/usr/share/gazebo-11/../../share/gazebo-11:/usr/share/gazebo-11/../../share/gazebo-11:/usr/share/gazebo-11/../../share/gazebo-11:/usr/share/gazebo-11/../../share/gazebo-11:/usr/share/gazebo-11/../../share/gazebo-11:/usr/share/gazebo-11/../../share/gazebo-11:/usr/share/gazebo-11/../../share/gazebo-11:/usr/share/gazebo-11/../../share/gazebo-11:'), ('GAZEBO_MODEL_DATABASE_URI', 'http://models.gazebosim.org'), ('VSCODE_GIT_ASKPASS_EXTRA_ARGS', ''), ('PWD', '/home/bhaskar/colcon_ws/src/build/realsense_gazebo_plugin'), ('GAZEBO_PLUGIN_PATH', '/usr/share/gazebo-11/../../lib/x86_64-linux-gnu/gazebo-11/plugins:/usr/share/gazebo-11/../../lib/x86_64-linux-gnu/gazebo-11/plugins:/usr/share/gazebo-11/../../lib/x86_64-linux-gnu/gazebo-11/plugins:/usr/share/gazebo-11/../../lib/x86_64-linux-gnu/gazebo-11/plugins:/usr/share/gazebo-11/../../lib/x86_64-linux-gnu/gazebo-11/plugins:/usr/share/gazebo-11/../../lib/x86_64-linux-gnu/gazebo-11/plugins:/usr/share/gazebo-11/../../lib/x86_64-linux-gnu/gazebo-11/plugins:/usr/share/gazebo-11/../../lib/x86_64-linux-gnu/gazebo-11/plugins:/usr/share/gazebo-11/../../lib/x86_64-linux-gnu/gazebo-11/plugins:/usr/share/gazebo-11/../../lib/x86_64-linux-gnu/gazebo-11/plugins:'), ('XDG_DATA_DIRS', '/usr/local/share:/usr/share:/var/lib/snapd/desktop'), ('PYTHONPATH', '/home/bhaskar/new_ws/install/ur5_control/lib/python3.10/site-packages:/home/bhaskar/new_ws/install/pymoveit2/local/lib/python3.10/dist-packages:/home/bhaskar/new_ws/install/linkattacher_msgs/local/lib/python3.10/dist-packages:/home/bhaskar/colcon_ws/install/ur5_control/lib/python3.10/site-packages:/home/bhaskar/colcon_ws/install/pymoveit2/local/lib/python3.10/dist-packages:/home/bhaskar/colcon_ws/install/linkattacher_msgs/local/lib/python3.10/dist-packages:/opt/ros/humble/lib/python3.10/site-packages:/opt/ros/humble/local/lib/python3.10/dist-packages'), ('COLCON', '1'), ('WSL2_GUI_APPS_ENABLED', '1'), ('HOSTTYPE', 'x86_64'), ('CMAKE_PREFIX_PATH', '/home/bhaskar/new_ws/install/ur_simulation_gazebo:/home/bhaskar/new_ws/install/ur_moveit_config:/home/bhaskar/new_ws/install/ur_description:/home/bhaskar/new_ws/install/realsense_gazebo_plugin:/home/bhaskar/new_ws/install/pymoveit2:/home/bhaskar/new_ws/install/linkattacher_msgs:/home/bhaskar/new_ws/install/eyantra_warehouse:/home/bhaskar/new_ws/install/ebot_nav2:/home/bhaskar/new_ws/install/ebot_description:/home/bhaskar/colcon_ws/install/ur_simulation_gazebo:/home/bhaskar/colcon_ws/install/ur_moveit_config:/home/bhaskar/colcon_ws/install/ur_description:/home/bhaskar/colcon_ws/install/realsense_gazebo_plugin:/home/bhaskar/colcon_ws/install/pymoveit2:/home/bhaskar/colcon_ws/install/linkattacher_msgs:/home/bhaskar/colcon_ws/install/eyantra_warehouse:/home/bhaskar/colcon_ws/install/ebot_nav2:/home/bhaskar/colcon_ws/install/ebot_description:/home/bhaskar/colcon_ws/src/ebot_nav2/install/ebot_nav2:/home/bhaskar/new_ws/install/ur5_control:/home/bhaskar/colcon_ws/install/ur5_control:/opt/ros/humble'), ('WSLENV', 'VSCODE_WSL_EXT_LOCATION/up')]), 'shell': False}
[0.100318] (-) TimerEvent: {}
[0.202208] (-) TimerEvent: {}
[0.304224] (-) TimerEvent: {}
[0.406275] (-) TimerEvent: {}
[0.508637] (-) TimerEvent: {}
[0.610554] (-) TimerEvent: {}
[0.712176] (-) TimerEvent: {}
[0.813912] (-) TimerEvent: {}
[0.916938] (-) TimerEvent: {}
[1.018742] (-) TimerEvent: {}
[1.112459] (ur_description) StdoutLine: {'line': b'-- The C compiler identification is GNU 11.4.0\n'}
[1.114465] (ebot_description) StdoutLine: {'line': b'-- The C compiler identification is GNU 11.4.0\n'}
[1.115194] (ebot_nav2) StdoutLine: {'line': b'-- The C compiler identification is GNU 11.4.0\n'}
[1.116328] (eyantra_warehouse) StdoutLine: {'line': b'-- The C compiler identification is GNU 11.4.0\n'}
[1.116437] (linkattacher_msgs) StdoutLine: {'line': b'-- The C compiler identification is GNU 11.4.0\n'}
[1.117431] (pymoveit2) StdoutLine: {'line': b'-- The C compiler identification is GNU 11.4.0\n'}
[1.118232] (realsense_gazebo_plugin) StdoutLine: {'line': b'-- The C compiler identification is GNU 11.4.0\n'}
[1.118987] (-) TimerEvent: {}
[1.219912] (-) TimerEvent: {}
[1.321510] (-) TimerEvent: {}
[1.423087] (-) TimerEvent: {}
[1.524940] (-) TimerEvent: {}
[1.627358] (-) TimerEvent: {}
[1.728573] (-) TimerEvent: {}
[1.784462] (ur5_control) Command: {'cmd': ['/usr/bin/python3', '-W', 'ignore:setup.py install is deprecated', 'setup.py', 'egg_info', '--egg-base', '../build/ur5_control', 'build', '--build-base', '/home/bhaskar/colcon_ws/src/build/ur5_control/build', 'install', '--record', '/home/bhaskar/colcon_ws/src/build/ur5_control/install.log', '--single-version-externally-managed', 'install_data'], 'cwd': '/home/bhaskar/colcon_ws/src/ur5_control', 'env': {'LESSOPEN': '| /usr/bin/lesspipe %s', 'USER': 'bhaskar', 'GIT_ASKPASS': '/home/bhaskar/.vscode-server/bin/d78a74bcdfad14d5d3b1b782f87255d802b57511/extensions/git/dist/askpass.sh', 'SHLVL': '1', 'LD_LIBRARY_PATH': '/home/bhaskar/new_ws/install/realsense_gazebo_plugin/lib:/home/bhaskar/new_ws/install/linkattacher_msgs/lib:/home/bhaskar/colcon_ws/install/realsense_gazebo_plugin/lib:/home/bhaskar/colcon_ws/install/linkattacher_msgs/lib:/usr/lib/x86_64-linux-gnu/gazebo-11/plugins:/opt/ros/humble/opt/rviz_ogre_vendor/lib:/opt/ros/humble/lib/x86_64-linux-gnu:/opt/ros/humble/lib:/usr/share/gazebo-11/../../lib/x86_64-linux-gnu/gazebo-11/plugins::/usr/share/gazebo-11/../../lib/x86_64-linux-gnu/gazebo-11/plugins:/usr/share/gazebo-11/../../lib/x86_64-linux-gnu/gazebo-11/plugins::/usr/share/gazebo-11/../../lib/x86_64-linux-gnu/gazebo-11/plugins:/usr/share/gazebo-11/../../lib/x86_64-linux-gnu/gazebo-11/plugins:/usr/share/gazebo-11/../../lib/x86_64-linux-gnu/gazebo-11/plugins::/usr/share/gazebo-11/../../lib/x86_64-linux-gnu/gazebo-11/plugins:/usr/share/gazebo-11/../../lib/x86_64-linux-gnu/gazebo-11/plugins:/usr/share/gazebo-11/../../lib/x86_64-linux-gnu/gazebo-11/plugins:/usr/share/gazebo-11/../../lib/x86_64-linux-gnu/gazebo-11/plugins::/usr/share/gazebo-11/../../lib/x86_64-linux-gnu/gazebo-11/plugins:/usr/share/gazebo-11/../../lib/x86_64-linux-gnu/gazebo-11/plugins:/usr/share/gazebo-11/../../lib/x86_64-linux-gnu/gazebo-11/plugins:/usr/share/gazebo-11/../../lib/x86_64-linux-gnu/gazebo-11/plugins:/usr/share/gazebo-11/../../lib/x86_64-linux-gnu/gazebo-11/plugins::/usr/share/gazebo-11/../../lib/x86_64-linux-gnu/gazebo-11/plugins:/usr/share/gazebo-11/../../lib/x86_64-linux-gnu/gazebo-11/plugins:/usr/share/gazebo-11/../../lib/x86_64-linux-gnu/gazebo-11/plugins:/usr/share/gazebo-11/../../lib/x86_64-linux-gnu/gazebo-11/plugins:/usr/share/gazebo-11/../../lib/x86_64-linux-gnu/gazebo-11/plugins:/usr/share/gazebo-11/../../lib/x86_64-linux-gnu/gazebo-11/plugins::/usr/share/gazebo-11/../../lib/x86_64-linux-gnu/gazebo-11/plugins:/usr/share/gazebo-11/../../lib/x86_64-linux-gnu/gazebo-11/plugins:/usr/share/gazebo-11/../../lib/x86_64-linux-gnu/gazebo-11/plugins:/usr/share/gazebo-11/../../lib/x86_64-linux-gnu/gazebo-11/plugins:/usr/share/gazebo-11/../../lib/x86_64-linux-gnu/gazebo-11/plugins:/usr/share/gazebo-11/../../lib/x86_64-linux-gnu/gazebo-11/plugins:/usr/share/gazebo-11/../../lib/x86_64-linux-gnu/gazebo-11/plugins::/usr/share/gazebo-11/../../lib/x86_64-linux-gnu/gazebo-11/plugins:/usr/share/gazebo-11/../../lib/x86_64-linux-gnu/gazebo-11/plugins:/usr/share/gazebo-11/../../lib/x86_64-linux-gnu/gazebo-11/plugins:/usr/share/gazebo-11/../../lib/x86_64-linux-gnu/gazebo-11/plugins:/usr/share/gazebo-11/../../lib/x86_64-linux-gnu/gazebo-11/plugins:/usr/share/gazebo-11/../../lib/x86_64-linux-gnu/gazebo-11/plugins:/usr/share/gazebo-11/../../lib/x86_64-linux-gnu/gazebo-11/plugins:/usr/share/gazebo-11/../../lib/x86_64-linux-gnu/gazebo-11/plugins::/usr/share/gazebo-11/../../lib/x86_64-linux-gnu/gazebo-11/plugins:/usr/share/gazebo-11/../../lib/x86_64-linux-gnu/gazebo-11/plugins:/usr/share/gazebo-11/../../lib/x86_64-linux-gnu/gazebo-11/plugins:/usr/share/gazebo-11/../../lib/x86_64-linux-gnu/gazebo-11/plugins:/usr/share/gazebo-11/../../lib/x86_64-linux-gnu/gazebo-11/plugins:/usr/share/gazebo-11/../../lib/x86_64-linux-gnu/gazebo-11/plugins:/usr/share/gazebo-11/../../lib/x86_64-linux-gnu/gazebo-11/plugins:/usr/share/gazebo-11/../../lib/x86_64-linux-gnu/gazebo-11/plugins:/usr/share/gazebo-11/../../lib/x86_64-linux-gnu/gazebo-11/plugins::/usr/share/gazebo-11/../../lib/x86_64-linux-gnu/gazebo-11/plugins:/usr/share/gazebo-11/../../lib/x86_64-linux-gnu/gazebo-11/plugins:/usr/share/gazebo-11/../../lib/x86_64-linux-gnu/gazebo-11/plugins:/usr/share/gazebo-11/../../lib/x86_64-linux-gnu/gazebo-11/plugins:/usr/share/gazebo-11/../../lib/x86_64-linux-gnu/gazebo-11/plugins:/usr/share/gazebo-11/../../lib/x86_64-linux-gnu/gazebo-11/plugins:/usr/share/gazebo-11/../../lib/x86_64-linux-gnu/gazebo-11/plugins:/usr/share/gazebo-11/../../lib/x86_64-linux-gnu/gazebo-11/plugins:/usr/share/gazebo-11/../../lib/x86_64-linux-gnu/gazebo-11/plugins:/usr/share/gazebo-11/../../lib/x86_64-linux-gnu/gazebo-11/plugins:', 'HOME': '/home/bhaskar', 'OLDPWD': '/home/bhaskar/colcon_ws', 'TERM_PROGRAM_VERSION': '1.94.0', 'VSCODE_IPC_HOOK_CLI': '/run/user/1000/vscode-ipc-70a67aec-aa5b-4b9d-8424-bcb226a91ae1.sock', 'GAZEBO_MASTER_URI': 'http://localhost:11345', 'ROS_PYTHON_VERSION': '3', 'VSCODE_GIT_ASKPASS_MAIN': '/home/bhaskar/.vscode-server/bin/d78a74bcdfad14d5d3b1b782f87255d802b57511/extensions/git/dist/askpass-main.js', 'VSCODE_GIT_ASKPASS_NODE': '/home/bhaskar/.vscode-server/bin/d78a74bcdfad14d5d3b1b782f87255d802b57511/node', 'DBUS_SESSION_BUS_ADDRESS': 'unix:path=/run/user/1000/bus', 'COLORTERM': 'truecolor', 'WSL_DISTRO_NAME': 'Ubuntu', '_colcon_cd_root': '/opt/ros/humble/', 'WAYLAND_DISPLAY': 'wayland-0', 'COLCON_PREFIX_PATH': '/home/bhaskar/new_ws/install:/home/bhaskar/colcon_ws/install:/home/bhaskar/colcon_ws/src/ebot_nav2/install', 'ROS_DISTRO': 'humble', 'LOGNAME': 'bhaskar', 'NAME': 'DESKTOP-B9FK9U8', 'WSL_INTEROP': '/run/WSL/15780_interop', 'PULSE_SERVER': 'unix:/mnt/wslg/PulseServer', '_': '/usr/bin/colcon', 'ROS_VERSION': '2', 'TERM': 'xterm-256color', 'GAZEBO_MODEL_PATH': '/usr/share/gazebo-11/../../share/gazebo-11/models:/usr/share/gazebo-11/../../share/gazebo-11/models:/usr/share/gazebo-11/../../share/gazebo-11/models:/usr/share/gazebo-11/../../share/gazebo-11/models:/usr/share/gazebo-11/../../share/gazebo-11/models:/usr/share/gazebo-11/../../share/gazebo-11/models:/usr/share/gazebo-11/../../share/gazebo-11/models:/usr/share/gazebo-11/../../share/gazebo-11/models:/usr/share/gazebo-11/../../share/gazebo-11/models:/usr/share/gazebo-11/../../share/gazebo-11/models:', 'ROS_LOCALHOST_ONLY': '0', 'OGRE_RESOURCE_PATH': '/usr/lib/x86_64-linux-gnu/OGRE-1.9.0', 'PATH': '/home/bhaskar/.vscode-server/bin/d78a74bcdfad14d5d3b1b782f87255d802b57511/bin/remote-cli:/home/bhaskar/.local/bin:/opt/ros/humble/bin:/usr/local/sbin:/usr/local/bin:/usr/sbin:/usr/bin:/sbin:/bin:/usr/games:/usr/local/games:/usr/lib/wsl/lib:/mnt/c/Program Files/NVIDIA GPU Computing Toolkit/CUDA/v12.4/bin:/mnt/c/Program Files/NVIDIA GPU Computing Toolkit/CUDA/v12.4/libnvvp:/mnt/c/Windows/system32:/mnt/c/Windows:/mnt/c/Windows/System32/Wbem:/mnt/c/Windows/System32/WindowsPowerShell/v1.0/:/mnt/c/Windows/System32/OpenSSH/:/mnt/c/Program Files (x86)/NVIDIA Corporation/PhysX/Common:/mnt/c/Program Files (x86)/Windows Kits/10/Windows Performance Toolkit/:/mnt/c/Program Files/dotnet/:/mnt/c/Program Files/NVIDIA Corporation/Nsight Compute 2024.1.1/:/mnt/c/Program Files/NVIDIA Corporation/NVIDIA NvDLISR:/mnt/c/Users/Dell/miniconda3/Library/mingw-w64/bin:/mnt/c/Program Files/Git/cmd:/mnt/c/Program Files/Git LFS:/mnt/c/Program Files/Docker/Docker/resources/bin:/mnt/c/Users/Dell/miniconda3:/mnt/c/Users/Dell/miniconda3/Library/mingw-w64/bin:/mnt/c/Users/Dell/miniconda3/Library/usr/bin:/mnt/c/Users/Dell/miniconda3/Library/bin:/mnt/c/Users/Dell/miniconda3/Scripts:/mnt/c/Users/Dell/AppData/Local/Microsoft/WindowsApps:/mnt/c/Users/Dell/AppData/Local/Programs/Microsoft VS Code/bin:/mnt/c/Users/Dell/AppData/Local/Programs/Ollama:/snap/bin', 'XDG_RUNTIME_DIR': '/run/user/1000/', 'DISPLAY': ':0', 'LANG': 'C.UTF-8', 'LS_COLORS': 'rs=0:di=01;34:ln=01;36:mh=00:pi=40;33:so=01;35:do=01;35:bd=40;33;01:cd=40;33;01:or=40;31;01:mi=00:su=37;41:sg=30;43:ca=30;41:tw=30;42:ow=34;42:st=37;44:ex=01;32:*.tar=01;31:*.tgz=01;31:*.arc=01;31:*.arj=01;31:*.taz=01;31:*.lha=01;31:*.lz4=01;31:*.lzh=01;31:*.lzma=01;31:*.tlz=01;31:*.txz=01;31:*.tzo=01;31:*.t7z=01;31:*.zip=01;31:*.z=01;31:*.dz=01;31:*.gz=01;31:*.lrz=01;31:*.lz=01;31:*.lzo=01;31:*.xz=01;31:*.zst=01;31:*.tzst=01;31:*.bz2=01;31:*.bz=01;31:*.tbz=01;31:*.tbz2=01;31:*.tz=01;31:*.deb=01;31:*.rpm=01;31:*.jar=01;31:*.war=01;31:*.ear=01;31:*.sar=01;31:*.rar=01;31:*.alz=01;31:*.ace=01;31:*.zoo=01;31:*.cpio=01;31:*.7z=01;31:*.rz=01;31:*.cab=01;31:*.wim=01;31:*.swm=01;31:*.dwm=01;31:*.esd=01;31:*.jpg=01;35:*.jpeg=01;35:*.mjpg=01;35:*.mjpeg=01;35:*.gif=01;35:*.bmp=01;35:*.pbm=01;35:*.pgm=01;35:*.ppm=01;35:*.tga=01;35:*.xbm=01;35:*.xpm=01;35:*.tif=01;35:*.tiff=01;35:*.png=01;35:*.svg=01;35:*.svgz=01;35:*.mng=01;35:*.pcx=01;35:*.mov=01;35:*.mpg=01;35:*.mpeg=01;35:*.m2v=01;35:*.mkv=01;35:*.webm=01;35:*.webp=01;35:*.ogm=01;35:*.mp4=01;35:*.m4v=01;35:*.mp4v=01;35:*.vob=01;35:*.qt=01;35:*.nuv=01;35:*.wmv=01;35:*.asf=01;35:*.rm=01;35:*.rmvb=01;35:*.flc=01;35:*.avi=01;35:*.fli=01;35:*.flv=01;35:*.gl=01;35:*.dl=01;35:*.xcf=01;35:*.xwd=01;35:*.yuv=01;35:*.cgm=01;35:*.emf=01;35:*.ogv=01;35:*.ogx=01;35:*.aac=00;36:*.au=00;36:*.flac=00;36:*.m4a=00;36:*.mid=00;36:*.midi=00;36:*.mka=00;36:*.mp3=00;36:*.mpc=00;36:*.ogg=00;36:*.ra=00;36:*.wav=00;36:*.oga=00;36:*.opus=00;36:*.spx=00;36:*.xspf=00;36:', 'VSCODE_GIT_IPC_HANDLE': '/run/user/1000/vscode-git-8ca4f50bf7.sock', 'TERM_PROGRAM': 'vscode', 'AMENT_PREFIX_PATH': '/home/bhaskar/new_ws/install/ur_simulation_gazebo:/home/bhaskar/new_ws/install/ur_moveit_config:/home/bhaskar/new_ws/install/ur_description:/home/bhaskar/new_ws/install/ur5_control:/home/bhaskar/new_ws/install/realsense_gazebo_plugin:/home/bhaskar/new_ws/install/pymoveit2:/home/bhaskar/new_ws/install/linkattacher_msgs:/home/bhaskar/new_ws/install/eyantra_warehouse:/home/bhaskar/new_ws/install/ebot_nav2:/home/bhaskar/new_ws/install/ebot_description:/home/bhaskar/colcon_ws/install/ur_simulation_gazebo:/home/bhaskar/colcon_ws/install/ur_moveit_config:/home/bhaskar/colcon_ws/install/ur_description:/home/bhaskar/colcon_ws/install/ur5_control:/home/bhaskar/colcon_ws/install/realsense_gazebo_plugin:/home/bhaskar/colcon_ws/install/pymoveit2:/home/bhaskar/colcon_ws/install/linkattacher_msgs:/home/bhaskar/colcon_ws/install/eyantra_warehouse:/home/bhaskar/colcon_ws/install/ebot_nav2:/home/bhaskar/colcon_ws/install/ebot_description:/home/bhaskar/colcon_ws/src/ebot_nav2/install/ebot_nav2:/opt/ros/humble', 'SHELL': '/bin/bash', 'LESSCLOSE': '/usr/bin/lesspipe %s %s', 'GAZEBO_RESOURCE_PATH': '/usr/share/gazebo-11/../../share/gazebo-11:/usr/share/gazebo-11/../../share/gazebo-11:/usr/share/gazebo-11/../../share/gazebo-11:/usr/share/gazebo-11/../../share/gazebo-11:/usr/share/gazebo-11/../../share/gazebo-11:/usr/share/gazebo-11/../../share/gazebo-11:/usr/share/gazebo-11/../../share/gazebo-11:/usr/share/gazebo-11/../../share/gazebo-11:/usr/share/gazebo-11/../../share/gazebo-11:/usr/share/gazebo-11/../../share/gazebo-11:', 'GAZEBO_MODEL_DATABASE_URI': 'http://models.gazebosim.org', 'VSCODE_GIT_ASKPASS_EXTRA_ARGS': '', 'PWD': '/home/bhaskar/colcon_ws/src/build/ur5_control', 'GAZEBO_PLUGIN_PATH': '/usr/share/gazebo-11/../../lib/x86_64-linux-gnu/gazebo-11/plugins:/usr/share/gazebo-11/../../lib/x86_64-linux-gnu/gazebo-11/plugins:/usr/share/gazebo-11/../../lib/x86_64-linux-gnu/gazebo-11/plugins:/usr/share/gazebo-11/../../lib/x86_64-linux-gnu/gazebo-11/plugins:/usr/share/gazebo-11/../../lib/x86_64-linux-gnu/gazebo-11/plugins:/usr/share/gazebo-11/../../lib/x86_64-linux-gnu/gazebo-11/plugins:/usr/share/gazebo-11/../../lib/x86_64-linux-gnu/gazebo-11/plugins:/usr/share/gazebo-11/../../lib/x86_64-linux-gnu/gazebo-11/plugins:/usr/share/gazebo-11/../../lib/x86_64-linux-gnu/gazebo-11/plugins:/usr/share/gazebo-11/../../lib/x86_64-linux-gnu/gazebo-11/plugins:', 'XDG_DATA_DIRS': '/usr/local/share:/usr/share:/var/lib/snapd/desktop', 'PYTHONPATH': '/home/bhaskar/colcon_ws/src/build/ur5_control/prefix_override:/usr/lib/python3/dist-packages/colcon_core/task/python/colcon_distutils_commands:/home/bhaskar/colcon_ws/src/install/ur5_control/lib/python3.10/site-packages:/home/bhaskar/new_ws/install/ur5_control/lib/python3.10/site-packages:/home/bhaskar/new_ws/install/pymoveit2/local/lib/python3.10/dist-packages:/home/bhaskar/new_ws/install/linkattacher_msgs/local/lib/python3.10/dist-packages:/home/bhaskar/colcon_ws/install/ur5_control/lib/python3.10/site-packages:/home/bhaskar/colcon_ws/install/pymoveit2/local/lib/python3.10/dist-packages:/home/bhaskar/colcon_ws/install/linkattacher_msgs/local/lib/python3.10/dist-packages:/opt/ros/humble/lib/python3.10/site-packages:/opt/ros/humble/local/lib/python3.10/dist-packages', 'COLCON': '1', 'WSL2_GUI_APPS_ENABLED': '1', 'HOSTTYPE': 'x86_64', 'CMAKE_PREFIX_PATH': '/home/bhaskar/new_ws/install/ur_simulation_gazebo:/home/bhaskar/new_ws/install/ur_moveit_config:/home/bhaskar/new_ws/install/ur_description:/home/bhaskar/new_ws/install/realsense_gazebo_plugin:/home/bhaskar/new_ws/install/pymoveit2:/home/bhaskar/new_ws/install/linkattacher_msgs:/home/bhaskar/new_ws/install/eyantra_warehouse:/home/bhaskar/new_ws/install/ebot_nav2:/home/bhaskar/new_ws/install/ebot_description:/home/bhaskar/colcon_ws/install/ur_simulation_gazebo:/home/bhaskar/colcon_ws/install/ur_moveit_config:/home/bhaskar/colcon_ws/install/ur_description:/home/bhaskar/colcon_ws/install/realsense_gazebo_plugin:/home/bhaskar/colcon_ws/install/pymoveit2:/home/bhaskar/colcon_ws/install/linkattacher_msgs:/home/bhaskar/colcon_ws/install/eyantra_warehouse:/home/bhaskar/colcon_ws/install/ebot_nav2:/home/bhaskar/colcon_ws/install/ebot_description:/home/bhaskar/colcon_ws/src/ebot_nav2/install/ebot_nav2', 'WSLENV': 'VSCODE_WSL_EXT_LOCATION/up'}, 'shell': False}
[1.828623] (-) TimerEvent: {}
[1.918735] (ur5_control) StdoutLine: {'line': b'running egg_info\n'}
[1.919045] (ur5_control) StdoutLine: {'line': b'creating ../build/ur5_control/ur5_control.egg-info\n'}
[1.919218] (ur5_control) StdoutLine: {'line': b'writing ../build/ur5_control/ur5_control.egg-info/PKG-INFO\n'}
[1.919328] (ur5_control) StdoutLine: {'line': b'writing dependency_links to ../build/ur5_control/ur5_control.egg-info/dependency_links.txt\n'}
[1.919414] (ur5_control) StdoutLine: {'line': b'writing entry points to ../build/ur5_control/ur5_control.egg-info/entry_points.txt\n'}
[1.919569] (ur5_control) StdoutLine: {'line': b'writing requirements to ../build/ur5_control/ur5_control.egg-info/requires.txt\n'}
[1.919614] (ur5_control) StdoutLine: {'line': b'writing top-level names to ../build/ur5_control/ur5_control.egg-info/top_level.txt\n'}
[1.919645] (ur5_control) StdoutLine: {'line': b"writing manifest file '../build/ur5_control/ur5_control.egg-info/SOURCES.txt'\n"}
[1.920420] (ur5_control) StdoutLine: {'line': b"reading manifest file '../build/ur5_control/ur5_control.egg-info/SOURCES.txt'\n"}
[1.920727] (ur5_control) StdoutLine: {'line': b"writing manifest file '../build/ur5_control/ur5_control.egg-info/SOURCES.txt'\n"}
[1.920824] (ur5_control) StdoutLine: {'line': b'running build\n'}
[1.920982] (ur5_control) StdoutLine: {'line': b'running build_py\n'}
[1.921035] (ur5_control) StdoutLine: {'line': b'creating /home/bhaskar/colcon_ws/src/build/ur5_control/build\n'}
[1.921120] (ur5_control) StdoutLine: {'line': b'creating /home/bhaskar/colcon_ws/src/build/ur5_control/build/lib\n'}
[1.921258] (ur5_control) StdoutLine: {'line': b'creating /home/bhaskar/colcon_ws/src/build/ur5_control/build/lib/ur5_control\n'}
[1.921298] (ur5_control) StdoutLine: {'line': b'copying ur5_control/task1b_boiler_plate.py -> /home/bhaskar/colcon_ws/src/build/ur5_control/build/lib/ur5_control\n'}
[1.921632] (ur5_control) StdoutLine: {'line': b'copying ur5_control/__init__.py -> /home/bhaskar/colcon_ws/src/build/ur5_control/build/lib/ur5_control\n'}
[1.921761] (ur5_control) StdoutLine: {'line': b'running install\n'}
[1.921949] (ur5_control) StdoutLine: {'line': b'running install_lib\n'}
[1.922303] (ur5_control) StdoutLine: {'line': b'creating /home/bhaskar/colcon_ws/src/install/ur5_control/lib/python3.10/site-packages/ur5_control\n'}
[1.922405] (ur5_control) StdoutLine: {'line': b'copying /home/bhaskar/colcon_ws/src/build/ur5_control/build/lib/ur5_control/task1b_boiler_plate.py -> /home/bhaskar/colcon_ws/src/install/ur5_control/lib/python3.10/site-packages/ur5_control\n'}
[1.922483] (ur5_control) StdoutLine: {'line': b'copying /home/bhaskar/colcon_ws/src/build/ur5_control/build/lib/ur5_control/__init__.py -> /home/bhaskar/colcon_ws/src/install/ur5_control/lib/python3.10/site-packages/ur5_control\n'}
[1.922842] (ur5_control) StdoutLine: {'line': b'byte-compiling /home/bhaskar/colcon_ws/src/install/ur5_control/lib/python3.10/site-packages/ur5_control/task1b_boiler_plate.py to task1b_boiler_plate.cpython-310.pyc\n'}
[1.923443] (ur5_control) StdoutLine: {'line': b'byte-compiling /home/bhaskar/colcon_ws/src/install/ur5_control/lib/python3.10/site-packages/ur5_control/__init__.py to __init__.cpython-310.pyc\n'}
[1.923545] (ur5_control) StdoutLine: {'line': b'running install_data\n'}
[1.923718] (ur5_control) StdoutLine: {'line': b'creating /home/bhaskar/colcon_ws/src/install/ur5_control/share/ament_index\n'}
[1.923860] (ur5_control) StdoutLine: {'line': b'creating /home/bhaskar/colcon_ws/src/install/ur5_control/share/ament_index/resource_index\n'}
[1.923892] (ur5_control) StdoutLine: {'line': b'creating /home/bhaskar/colcon_ws/src/install/ur5_control/share/ament_index/resource_index/packages\n'}
[1.923920] (ur5_control) StdoutLine: {'line': b'copying resource/ur5_control -> /home/bhaskar/colcon_ws/src/install/ur5_control/share/ament_index/resource_index/packages\n'}
[1.924043] (ur5_control) StdoutLine: {'line': b'copying package.xml -> /home/bhaskar/colcon_ws/src/install/ur5_control/share/ur5_control\n'}
[1.924118] (ur5_control) StdoutLine: {'line': b'creating /home/bhaskar/colcon_ws/src/install/ur5_control/lib/ur5_control\n'}
[1.924215] (ur5_control) StdoutLine: {'line': b'copying ur5_control/__init__.py -> /home/bhaskar/colcon_ws/src/install/ur5_control/lib/ur5_control\n'}
[1.924288] (ur5_control) StdoutLine: {'line': b'running install_egg_info\n'}
[1.925023] (ur5_control) StdoutLine: {'line': b'Copying ../build/ur5_control/ur5_control.egg-info to /home/bhaskar/colcon_ws/src/install/ur5_control/lib/python3.10/site-packages/ur5_control-0.0.0-py3.10.egg-info\n'}
[1.925465] (ur5_control) StdoutLine: {'line': b'running install_scripts\n'}
[1.928652] (-) TimerEvent: {}
[1.938325] (ur5_control) StdoutLine: {'line': b'Installing task1b script to /home/bhaskar/colcon_ws/src/install/ur5_control/lib/ur5_control\n'}
[1.938645] (ur5_control) StdoutLine: {'line': b"writing list of installed files to '/home/bhaskar/colcon_ws/src/build/ur5_control/install.log'\n"}
[1.941424] (linkattacher_msgs) StdoutLine: {'line': b'-- The CXX compiler identification is GNU 11.4.0\n'}
[1.953473] (ur5_control) CommandEnded: {'returncode': 0}
[1.958933] (ur5_control) JobEnded: {'identifier': 'ur5_control', 'rc': 0}
[1.995402] (eyantra_warehouse) StdoutLine: {'line': b'-- The CXX compiler identification is GNU 11.4.0\n'}
[2.008735] (ebot_nav2) StdoutLine: {'line': b'-- The CXX compiler identification is GNU 11.4.0\n'}
[2.023163] (ebot_description) StdoutLine: {'line': b'-- The CXX compiler identification is GNU 11.4.0\n'}
[2.028685] (-) TimerEvent: {}
[2.050592] (ur_description) StdoutLine: {'line': b'-- The CXX compiler identification is GNU 11.4.0\n'}
[2.051448] (realsense_gazebo_plugin) StdoutLine: {'line': b'-- The CXX compiler identification is GNU 11.4.0\n'}
[2.116795] (pymoveit2) StdoutLine: {'line': b'-- The CXX compiler identification is GNU 11.4.0\n'}
[2.128818] (-) TimerEvent: {}
[2.229165] (-) TimerEvent: {}
[2.329452] (-) TimerEvent: {}
[2.333962] (linkattacher_msgs) StdoutLine: {'line': b'-- Detecting C compiler ABI info\n'}
[2.429546] (-) TimerEvent: {}
[2.443396] (ebot_nav2) StdoutLine: {'line': b'-- Detecting C compiler ABI info\n'}
[2.456788] (eyantra_warehouse) StdoutLine: {'line': b'-- Detecting C compiler ABI info\n'}
[2.462710] (realsense_gazebo_plugin) StdoutLine: {'line': b'-- Detecting C compiler ABI info\n'}
[2.468134] (ebot_description) StdoutLine: {'line': b'-- Detecting C compiler ABI info\n'}
[2.483925] (linkattacher_msgs) StdoutLine: {'line': b'-- Detecting C compiler ABI info - done\n'}
[2.488271] (linkattacher_msgs) StdoutLine: {'line': b'-- Check for working C compiler: /usr/bin/cc - skipped\n'}
[2.488492] (linkattacher_msgs) StdoutLine: {'line': b'-- Detecting C compile features\n'}
[2.488625] (linkattacher_msgs) StdoutLine: {'line': b'-- Detecting C compile features - done\n'}
[2.490453] (linkattacher_msgs) StdoutLine: {'line': b'-- Detecting CXX compiler ABI info\n'}
[2.529672] (-) TimerEvent: {}
[2.537429] (ur_description) StdoutLine: {'line': b'-- Detecting C compiler ABI info\n'}
[2.594811] (pymoveit2) StdoutLine: {'line': b'-- Detecting C compiler ABI info\n'}
[2.603645] (ebot_nav2) StdoutLine: {'line': b'-- Detecting C compiler ABI info - done\n'}
[2.604086] (eyantra_warehouse) StdoutLine: {'line': b'-- Detecting C compiler ABI info - done\n'}
[2.604228] (realsense_gazebo_plugin) StdoutLine: {'line': b'-- Detecting C compiler ABI info - done\n'}
[2.607607] (ebot_nav2) StdoutLine: {'line': b'-- Check for working C compiler: /usr/bin/cc - skipped\n'}
[2.607803] (ebot_nav2) StdoutLine: {'line': b'-- Detecting C compile features\n'}
[2.608189] (ebot_nav2) StdoutLine: {'line': b'-- Detecting C compile features - done\n'}
[2.608518] (eyantra_warehouse) StdoutLine: {'line': b'-- Check for working C compiler: /usr/bin/cc - skipped\n'}
[2.608684] (eyantra_warehouse) StdoutLine: {'line': b'-- Detecting C compile features\n'}
[2.608809] (eyantra_warehouse) StdoutLine: {'line': b'-- Detecting C compile features - done\n'}
[2.609795] (realsense_gazebo_plugin) StdoutLine: {'line': b'-- Check for working C compiler: /usr/bin/cc - skipped\n'}
[2.609928] (ebot_nav2) StdoutLine: {'line': b'-- Detecting CXX compiler ABI info\n'}
[2.610280] (realsense_gazebo_plugin) StdoutLine: {'line': b'-- Detecting C compile features\n'}
[2.610646] (realsense_gazebo_plugin) StdoutLine: {'line': b'-- Detecting C compile features - done\n'}
[2.610838] (eyantra_warehouse) StdoutLine: {'line': b'-- Detecting CXX compiler ABI info\n'}
[2.613131] (realsense_gazebo_plugin) StdoutLine: {'line': b'-- Detecting CXX compiler ABI info\n'}
[2.622597] (ebot_description) StdoutLine: {'line': b'-- Detecting C compiler ABI info - done\n'}
[2.627549] (ebot_description) StdoutLine: {'line': b'-- Check for working C compiler: /usr/bin/cc - skipped\n'}
[2.627820] (ebot_description) StdoutLine: {'line': b'-- Detecting C compile features\n'}
[2.628052] (ebot_description) StdoutLine: {'line': b'-- Detecting C compile features - done\n'}
[2.629740] (ebot_description) StdoutLine: {'line': b'-- Detecting CXX compiler ABI info\n'}
[2.629820] (-) TimerEvent: {}
[2.666800] (linkattacher_msgs) StdoutLine: {'line': b'-- Detecting CXX compiler ABI info - done\n'}
[2.670977] (linkattacher_msgs) StdoutLine: {'line': b'-- Check for working CXX compiler: /usr/bin/c++ - skipped\n'}
[2.671273] (linkattacher_msgs) StdoutLine: {'line': b'-- Detecting CXX compile features\n'}
[2.671396] (linkattacher_msgs) StdoutLine: {'line': b'-- Detecting CXX compile features - done\n'}
[2.673323] (linkattacher_msgs) StdoutLine: {'line': b'-- Found ament_cmake: 1.3.10 (/opt/ros/humble/share/ament_cmake/cmake)\n'}
[2.676757] (ur_description) StdoutLine: {'line': b'-- Detecting C compiler ABI info - done\n'}
[2.680777] (ur_description) StdoutLine: {'line': b'-- Check for working C compiler: /usr/bin/cc - skipped\n'}
[2.680955] (ur_description) StdoutLine: {'line': b'-- Detecting C compile features\n'}
[2.681094] (ur_description) StdoutLine: {'line': b'-- Detecting C compile features - done\n'}
[2.682958] (ur_description) StdoutLine: {'line': b'-- Detecting CXX compiler ABI info\n'}
[2.728021] (pymoveit2) StdoutLine: {'line': b'-- Detecting C compiler ABI info - done\n'}
[2.729904] (-) TimerEvent: {}
[2.732205] (pymoveit2) StdoutLine: {'line': b'-- Check for working C compiler: /usr/bin/cc - skipped\n'}
[2.732410] (pymoveit2) StdoutLine: {'line': b'-- Detecting C compile features\n'}
[2.732623] (pymoveit2) StdoutLine: {'line': b'-- Detecting C compile features - done\n'}
[2.734446] (pymoveit2) StdoutLine: {'line': b'-- Detecting CXX compiler ABI info\n'}
[2.807473] (ebot_nav2) StdoutLine: {'line': b'-- Detecting CXX compiler ABI info - done\n'}
[2.824601] (eyantra_warehouse) StdoutLine: {'line': b'-- Detecting CXX compiler ABI info - done\n'}
[2.830605] (-) TimerEvent: {}
[2.880366] (ebot_nav2) StdoutLine: {'line': b'-- Check for working CXX compiler: /usr/bin/c++ - skipped\n'}
[2.883501] (ebot_nav2) StdoutLine: {'line': b'-- Detecting CXX compile features\n'}
[2.888498] (ebot_nav2) StdoutLine: {'line': b'-- Detecting CXX compile features - done\n'}
[2.896220] (eyantra_warehouse) StdoutLine: {'line': b'-- Check for working CXX compiler: /usr/bin/c++ - skipped\n'}
[2.898261] (eyantra_warehouse) StdoutLine: {'line': b'-- Detecting CXX compile features\n'}
[2.901638] (eyantra_warehouse) StdoutLine: {'line': b'-- Detecting CXX compile features - done\n'}
[2.913221] (ebot_nav2) StdoutLine: {'line': b'-- Found ament_cmake: 1.3.10 (/opt/ros/humble/share/ament_cmake/cmake)\n'}
[2.926115] (eyantra_warehouse) StdoutLine: {'line': b'-- Found ament_cmake: 1.3.10 (/opt/ros/humble/share/ament_cmake/cmake)\n'}
[2.931088] (-) TimerEvent: {}
[2.934243] (ebot_description) StdoutLine: {'line': b'-- Detecting CXX compiler ABI info - done\n'}
[2.949088] (realsense_gazebo_plugin) StdoutLine: {'line': b'-- Detecting CXX compiler ABI info - done\n'}
[3.017795] (ebot_description) StdoutLine: {'line': b'-- Check for working CXX compiler: /usr/bin/c++ - skipped\n'}
[3.020325] (ebot_description) StdoutLine: {'line': b'-- Detecting CXX compile features\n'}
[3.023069] (ebot_description) StdoutLine: {'line': b'-- Detecting CXX compile features - done\n'}
[3.026000] (realsense_gazebo_plugin) StdoutLine: {'line': b'-- Check for working CXX compiler: /usr/bin/c++ - skipped\n'}
[3.028948] (realsense_gazebo_plugin) StdoutLine: {'line': b'-- Detecting CXX compile features\n'}
[3.031562] (-) TimerEvent: {}
[3.033862] (realsense_gazebo_plugin) StdoutLine: {'line': b'-- Detecting CXX compile features - done\n'}
[3.045432] (ebot_description) StdoutLine: {'line': b'-- Found ament_cmake: 1.3.10 (/opt/ros/humble/share/ament_cmake/cmake)\n'}
[3.052693] (realsense_gazebo_plugin) StdoutLine: {'line': b'-- Found ament_cmake: 1.3.10 (/opt/ros/humble/share/ament_cmake/cmake)\n'}
[3.132261] (-) TimerEvent: {}
[3.228990] (linkattacher_msgs) StdoutLine: {'line': b'-- Found Python3: /usr/bin/python3 (found version "3.10.12") found components: Interpreter \n'}
[3.232792] (-) TimerEvent: {}
[3.310107] (ur_description) StdoutLine: {'line': b'-- Detecting CXX compiler ABI info - done\n'}
[3.333408] (-) TimerEvent: {}
[3.376113] (ur_description) StdoutLine: {'line': b'-- Check for working CXX compiler: /usr/bin/c++ - skipped\n'}
[3.379235] (ur_description) StdoutLine: {'line': b'-- Detecting CXX compile features\n'}
[3.386000] (ur_description) StdoutLine: {'line': b'-- Detecting CXX compile features - done\n'}
[3.408551] (ur_description) StdoutLine: {'line': b'-- Found ament_cmake: 1.3.10 (/opt/ros/humble/share/ament_cmake/cmake)\n'}
[3.433617] (-) TimerEvent: {}
[3.535945] (-) TimerEvent: {}
[3.638618] (-) TimerEvent: {}
[3.740523] (-) TimerEvent: {}
[3.746784] (pymoveit2) StdoutLine: {'line': b'-- Detecting CXX compiler ABI info - done\n'}
[3.753067] (pymoveit2) StdoutLine: {'line': b'-- Check for working CXX compiler: /usr/bin/c++ - skipped\n'}
[3.753387] (pymoveit2) StdoutLine: {'line': b'-- Detecting CXX compile features\n'}
[3.753599] (pymoveit2) StdoutLine: {'line': b'-- Detecting CXX compile features - done\n'}
[3.755404] (pymoveit2) StdoutLine: {'line': b'-- Found ament_cmake: 1.3.10 (/opt/ros/humble/share/ament_cmake/cmake)\n'}
[3.759539] (linkattacher_msgs) StdoutLine: {'line': b'-- Found ament_lint_auto: 0.12.11 (/opt/ros/humble/share/ament_lint_auto/cmake)\n'}
[3.841168] (-) TimerEvent: {}
[3.852678] (eyantra_warehouse) StdoutLine: {'line': b'-- Found Python3: /usr/bin/python3 (found version "3.10.12") found components: Interpreter \n'}
[3.866094] (realsense_gazebo_plugin) StdoutLine: {'line': b'-- Found Python3: /usr/bin/python3 (found version "3.10.12") found components: Interpreter \n'}
[3.868592] (ebot_description) StdoutLine: {'line': b'-- Found Python3: /usr/bin/python3 (found version "3.10.12") found components: Interpreter \n'}
[3.911395] (ebot_nav2) StdoutLine: {'line': b'-- Found Python3: /usr/bin/python3 (found version "3.10.12") found components: Interpreter \n'}
[3.941761] (-) TimerEvent: {}
[4.043783] (-) TimerEvent: {}
[4.145463] (-) TimerEvent: {}
[4.247225] (-) TimerEvent: {}
[4.272212] (ur_description) StdoutLine: {'line': b'-- Found Python3: /usr/bin/python3 (found version "3.10.12") found components: Interpreter \n'}
[4.347837] (-) TimerEvent: {}
[4.450728] (-) TimerEvent: {}
[4.459286] (linkattacher_msgs) StdoutLine: {'line': b'-- Found rosidl_default_generators: 1.2.0 (/opt/ros/humble/share/rosidl_default_generators/cmake)\n'}
[4.508440] (linkattacher_msgs) StdoutLine: {'line': b'-- Using all available rosidl_typesupport_c: rosidl_typesupport_fastrtps_c;rosidl_typesupport_introspection_c\n'}
[4.552700] (-) TimerEvent: {}
[4.580821] (realsense_gazebo_plugin) CommandEnded: {'returncode': -2}
[4.613200] (realsense_gazebo_plugin) StderrLine: {'line': b'Traceback (most recent call last):\n  File "/usr/lib/python3/dist-packages/colcon_parallel_executor/executor/parallel.py", line 75, in execute\n    loop.run_until_complete(future)\n  File "/usr/lib/python3.10/asyncio/base_events.py", line 636, in run_until_complete\n    self.run_forever()\n  File "/usr/lib/python3.10/asyncio/base_events.py", line 603, in run_forever\n    self._run_once()\n  File "/usr/lib/python3.10/asyncio/base_events.py", line 1871, in _run_once\n    event_list = self._selector.select(timeout)\n  File "/usr/lib/python3.10/selectors.py", line 469, in select\n    fd_event_list = self._selector.poll(timeout, max_ev)\nKeyboardInterrupt\n\nDuring handling of the above exception, another exception occurred:\n\nTraceback (most recent call last):\n  File "/usr/lib/python3/dist-packages/colcon_core/executor/__init__.py", line 91, in __call__\n    rc = await self.task(*args, **kwargs)\n  File "/usr/lib/python3/dist-packages/colcon_core/task/__init__.py", line 93, in __call__\n    return await task_method(*args, **kwargs)\n  File "/usr/lib/python3/dist-packages/colcon_ros/task/ament_cmake/build.py", line 59, in build\n    rc = await extension.build(\n  File "/usr/lib/python3/dist-packages/colcon_cmake/task/cmake/build.py", line 87, in build\n    rc = await self._reconfigure(args, env)\n  File "/usr/lib/python3/dist-packages/colcon_cmake/task/cmake/build.py", line 182, in _reconfigure\n    buildfile = get_buildfile(cmake_cache)\n  File "/usr/lib/python3/dist-packages/colcon_cmake/task/cmake/__init__.py", line 114, in get_buildfile\n    if \'Visual Studio\' in generator:\nTypeError: argument of type \'NoneType\' is not iterable\n'}
[4.620549] (realsense_gazebo_plugin) JobEnded: {'identifier': 'realsense_gazebo_plugin', 'rc': 'SIGINT'}
[4.637393] (ebot_description) CommandEnded: {'returncode': -2}
[4.639837] (ebot_description) StderrLine: {'line': b'Traceback (most recent call last):\n  File "/usr/lib/python3/dist-packages/colcon_parallel_executor/executor/parallel.py", line 75, in execute\n    loop.run_until_complete(future)\n  File "/usr/lib/python3.10/asyncio/base_events.py", line 636, in run_until_complete\n    self.run_forever()\n  File "/usr/lib/python3.10/asyncio/base_events.py", line 603, in run_forever\n    self._run_once()\n  File "/usr/lib/python3.10/asyncio/base_events.py", line 1871, in _run_once\n    event_list = self._selector.select(timeout)\n  File "/usr/lib/python3.10/selectors.py", line 469, in select\n    fd_event_list = self._selector.poll(timeout, max_ev)\nKeyboardInterrupt\n\nDuring handling of the above exception, another exception occurred:\n\nTraceback (most recent call last):\n  File "/usr/lib/python3/dist-packages/colcon_core/executor/__init__.py", line 91, in __call__\n    rc = await self.task(*args, **kwargs)\n  File "/usr/lib/python3/dist-packages/colcon_core/task/__init__.py", line 93, in __call__\n    return await task_method(*args, **kwargs)\n  File "/usr/lib/python3/dist-packages/colcon_ros/task/ament_cmake/build.py", line 59, in build\n    rc = await extension.build(\n  File "/usr/lib/python3/dist-packages/colcon_cmake/task/cmake/build.py", line 87, in build\n    rc = await self._reconfigure(args, env)\n  File "/usr/lib/python3/dist-packages/colcon_cmake/task/cmake/build.py", line 182, in _reconfigure\n    buildfile = get_buildfile(cmake_cache)\n  File "/usr/lib/python3/dist-packages/colcon_cmake/task/cmake/__init__.py", line 114, in get_buildfile\n    if \'Visual Studio\' in generator:\nTypeError: argument of type \'NoneType\' is not iterable\n'}
[4.640461] (ebot_description) JobEnded: {'identifier': 'ebot_description', 'rc': 'SIGINT'}
[4.642163] (pymoveit2) CommandEnded: {'returncode': -2}
[4.643851] (pymoveit2) StderrLine: {'line': b'Traceback (most recent call last):\n  File "/usr/lib/python3/dist-packages/colcon_parallel_executor/executor/parallel.py", line 75, in execute\n    loop.run_until_complete(future)\n  File "/usr/lib/python3.10/asyncio/base_events.py", line 636, in run_until_complete\n    self.run_forever()\n  File "/usr/lib/python3.10/asyncio/base_events.py", line 603, in run_forever\n    self._run_once()\n  File "/usr/lib/python3.10/asyncio/base_events.py", line 1871, in _run_once\n    event_list = self._selector.select(timeout)\n  File "/usr/lib/python3.10/selectors.py", line 469, in select\n    fd_event_list = self._selector.poll(timeout, max_ev)\nKeyboardInterrupt\n\nDuring handling of the above exception, another exception occurred:\n\nTraceback (most recent call last):\n  File "/usr/lib/python3/dist-packages/colcon_core/executor/__init__.py", line 91, in __call__\n    rc = await self.task(*args, **kwargs)\n  File "/usr/lib/python3/dist-packages/colcon_core/task/__init__.py", line 93, in __call__\n    return await task_method(*args, **kwargs)\n  File "/usr/lib/python3/dist-packages/colcon_ros/task/ament_cmake/build.py", line 59, in build\n    rc = await extension.build(\n  File "/usr/lib/python3/dist-packages/colcon_cmake/task/cmake/build.py", line 87, in build\n    rc = await self._reconfigure(args, env)\n  File "/usr/lib/python3/dist-packages/colcon_cmake/task/cmake/build.py", line 182, in _reconfigure\n    buildfile = get_buildfile(cmake_cache)\n  File "/usr/lib/python3/dist-packages/colcon_cmake/task/cmake/__init__.py", line 114, in get_buildfile\n    if \'Visual Studio\' in generator:\nTypeError: argument of type \'NoneType\' is not iterable\n'}
[4.644386] (pymoveit2) JobEnded: {'identifier': 'pymoveit2', 'rc': 'SIGINT'}
[4.646232] (linkattacher_msgs) CommandEnded: {'returncode': -2}
[4.648681] (linkattacher_msgs) StderrLine: {'line': b'Traceback (most recent call last):\n  File "/usr/lib/python3/dist-packages/colcon_parallel_executor/executor/parallel.py", line 75, in execute\n    loop.run_until_complete(future)\n  File "/usr/lib/python3.10/asyncio/base_events.py", line 636, in run_until_complete\n    self.run_forever()\n  File "/usr/lib/python3.10/asyncio/base_events.py", line 603, in run_forever\n    self._run_once()\n  File "/usr/lib/python3.10/asyncio/base_events.py", line 1871, in _run_once\n    event_list = self._selector.select(timeout)\n  File "/usr/lib/python3.10/selectors.py", line 469, in select\n    fd_event_list = self._selector.poll(timeout, max_ev)\nKeyboardInterrupt\n\nDuring handling of the above exception, another exception occurred:\n\nTraceback (most recent call last):\n  File "/usr/lib/python3/dist-packages/colcon_core/executor/__init__.py", line 91, in __call__\n    rc = await self.task(*args, **kwargs)\n  File "/usr/lib/python3/dist-packages/colcon_core/task/__init__.py", line 93, in __call__\n    return await task_method(*args, **kwargs)\n  File "/usr/lib/python3/dist-packages/colcon_ros/task/ament_cmake/build.py", line 59, in build\n    rc = await extension.build(\n  File "/usr/lib/python3/dist-packages/colcon_cmake/task/cmake/build.py", line 87, in build\n    rc = await self._reconfigure(args, env)\n  File "/usr/lib/python3/dist-packages/colcon_cmake/task/cmake/build.py", line 182, in _reconfigure\n    buildfile = get_buildfile(cmake_cache)\n  File "/usr/lib/python3/dist-packages/colcon_cmake/task/cmake/__init__.py", line 114, in get_buildfile\n    if \'Visual Studio\' in generator:\nTypeError: argument of type \'NoneType\' is not iterable\n'}
[4.649838] (linkattacher_msgs) JobEnded: {'identifier': 'linkattacher_msgs', 'rc': 'SIGINT'}
[4.651871] (eyantra_warehouse) CommandEnded: {'returncode': -2}
[4.653340] (-) TimerEvent: {}
[4.653975] (eyantra_warehouse) StderrLine: {'line': b'Traceback (most recent call last):\n  File "/usr/lib/python3/dist-packages/colcon_parallel_executor/executor/parallel.py", line 75, in execute\n    loop.run_until_complete(future)\n  File "/usr/lib/python3.10/asyncio/base_events.py", line 636, in run_until_complete\n    self.run_forever()\n  File "/usr/lib/python3.10/asyncio/base_events.py", line 603, in run_forever\n    self._run_once()\n  File "/usr/lib/python3.10/asyncio/base_events.py", line 1871, in _run_once\n    event_list = self._selector.select(timeout)\n  File "/usr/lib/python3.10/selectors.py", line 469, in select\n    fd_event_list = self._selector.poll(timeout, max_ev)\nKeyboardInterrupt\n\nDuring handling of the above exception, another exception occurred:\n\nTraceback (most recent call last):\n  File "/usr/lib/python3/dist-packages/colcon_core/executor/__init__.py", line 91, in __call__\n    rc = await self.task(*args, **kwargs)\n  File "/usr/lib/python3/dist-packages/colcon_core/task/__init__.py", line 93, in __call__\n    return await task_method(*args, **kwargs)\n  File "/usr/lib/python3/dist-packages/colcon_ros/task/ament_cmake/build.py", line 59, in build\n    rc = await extension.build(\n  File "/usr/lib/python3/dist-packages/colcon_cmake/task/cmake/build.py", line 87, in build\n    rc = await self._reconfigure(args, env)\n  File "/usr/lib/python3/dist-packages/colcon_cmake/task/cmake/build.py", line 182, in _reconfigure\n    buildfile = get_buildfile(cmake_cache)\n  File "/usr/lib/python3/dist-packages/colcon_cmake/task/cmake/__init__.py", line 114, in get_buildfile\n    if \'Visual Studio\' in generator:\nTypeError: argument of type \'NoneType\' is not iterable\n'}
[4.654769] (eyantra_warehouse) JobEnded: {'identifier': 'eyantra_warehouse', 'rc': 'SIGINT'}
[4.656575] (ebot_nav2) JobEnded: {'identifier': 'ebot_nav2', 'rc': 'SIGINT'}
[4.658065] (ur_description) JobEnded: {'identifier': 'ur_description', 'rc': 'SIGINT'}
[4.664547] (ur_moveit_config) JobSkipped: {'identifier': 'ur_moveit_config'}
[4.666307] (ur_simulation_gazebo) JobSkipped: {'identifier': 'ur_simulation_gazebo'}
[4.669066] (-) EventReactorShutdown: {}
